2014-10-22 14:28:16.930 HelloWorld[59812:2082233] DiskCookieStorage changing policy from 2 to 0, cookie file: file:///Users/leethompson/Library/Developer/CoreSimulator/Devices/6F1C5F86-0093-4661-9F24-932C4A2324A6/data/Containers/Data/Application/0FA697DF-1BCA-41D9-AEE5-DAFDB3E4F701/Library/Cookies/Cookies.binarycookies
2014-10-22 14:28:17.013 HelloWorld[59812:2082233] Multi-tasking -> Device: YES, App: YES
2014-10-22 14:28:17.027 HelloWorld[59812:2082233] Unlimited access to network resources
2014-10-22 14:28:17.031 HelloWorld[59812:2082233] 

Started backup to iCloud! Please be careful.
Your application might rejected by Apple if you store too much data.
For more information please read "iOS Data Storage Guidelines"
You could find it at the following address https://developer.apple.com/icloud/documentation/data-storage/ .

2014-10-22 14:28:17.343 HelloWorld[59812:2082233] Resetting plugins due to page load.
2014-10-22 14:28:17.400 HelloWorld[59812:2082233] Finished load of: file:///Users/leethompson/Library/Developer/CoreSimulator/Devices/6F1C5F86-0093-4661-9F24-932C4A2324A6/data/Containers/Bundle/Application/CEF5CF12-10CF-41F4-8FC3-F1A43241CD21/HelloWorld.app/www/index.html
2014-10-22 14:32:02.910 HelloWorld[60197:2084960] DiskCookieStorage changing policy from 2 to 0, cookie file: file:///Users/leethompson/Library/Developer/CoreSimulator/Devices/6F1C5F86-0093-4661-9F24-932C4A2324A6/data/Containers/Data/Application/D6C7FB8E-1341-4704-968B-C66E554C1FE9/Library/Cookies/Cookies.binarycookies
2014-10-22 14:32:02.961 HelloWorld[60197:2084960] Multi-tasking -> Device: YES, App: YES
2014-10-22 14:32:02.966 HelloWorld[60197:2084960] Unlimited access to network resources
2014-10-22 14:32:02.967 HelloWorld[60197:2084960] 

Started backup to iCloud! Please be careful.
Your application might rejected by Apple if you store too much data.
For more information please read "iOS Data Storage Guidelines"
You could find it at the following address https://developer.apple.com/icloud/documentation/data-storage/ .

2014-10-22 14:32:03.185 HelloWorld[60197:2084960] Resetting plugins due to page load.
2014-10-22 14:32:03.351 HelloWorld[60197:2084960] Finished load of: file:///Users/leethompson/Library/Developer/CoreSimulator/Devices/6F1C5F86-0093-4661-9F24-932C4A2324A6/data/Containers/Bundle/Application/11A78FEB-CF73-4F54-A5E0-1AB8677B74CA/HelloWorld.app/www/index.html#/
2014-10-22 14:33:37.467 HelloWorld[60565:2086434] Multi-tasking -> Device: YES, App: YES
2014-10-22 14:33:37.471 HelloWorld[60565:2086434] Unlimited access to network resources
2014-10-22 14:33:37.473 HelloWorld[60565:2086434] 

Started backup to iCloud! Please be careful.
Your application might rejected by Apple if you store too much data.
For more information please read "iOS Data Storage Guidelines"
You could find it at the following address https://developer.apple.com/icloud/documentation/data-storage/ .

2014-10-22 14:33:37.724 HelloWorld[60565:2086434] Resetting plugins due to page load.
2014-10-22 14:33:37.812 HelloWorld[60565:2086434] Finished load of: file:///Users/leethompson/Library/Developer/CoreSimulator/Devices/6F1C5F86-0093-4661-9F24-932C4A2324A6/data/Containers/Bundle/Application/034571CD-28B1-45D9-86F6-F35B5CC4E5D9/HelloWorld.app/www/index.html#/
2014-10-22 14:34:15.488 HelloWorld[60919:2087440] Multi-tasking -> Device: YES, App: YES
2014-10-22 14:34:15.493 HelloWorld[60919:2087440] Unlimited access to network resources
2014-10-22 14:34:15.494 HelloWorld[60919:2087440] 

Started backup to iCloud! Please be careful.
Your application might rejected by Apple if you store too much data.
For more information please read "iOS Data Storage Guidelines"
You could find it at the following address https://developer.apple.com/icloud/documentation/data-storage/ .

2014-10-22 14:34:15.734 HelloWorld[60919:2087440] Resetting plugins due to page load.
2014-10-22 14:34:15.805 HelloWorld[60919:2087440] Finished load of: file:///Users/leethompson/Library/Developer/CoreSimulator/Devices/6F1C5F86-0093-4661-9F24-932C4A2324A6/data/Containers/Bundle/Application/23E12142-5082-4F08-8521-BE401297E059/HelloWorld.app/www/index.html#/
2014-10-22 14:57:57.563 HelloWorld[61481:2100068] Multi-tasking -> Device: YES, App: YES
2014-10-22 14:57:57.574 HelloWorld[61481:2100068] Unlimited access to network resources
2014-10-22 14:57:57.576 HelloWorld[61481:2100068] 

Started backup to iCloud! Please be careful.
Your application might rejected by Apple if you store too much data.
For more information please read "iOS Data Storage Guidelines"
You could find it at the following address https://developer.apple.com/icloud/documentation/data-storage/ .

2014-10-22 14:57:57.905 HelloWorld[61481:2100068] Resetting plugins due to page load.
2014-10-22 14:57:58.061 HelloWorld[61481:2100068] Finished load of: file:///Users/leethompson/Library/Developer/CoreSimulator/Devices/6F1C5F86-0093-4661-9F24-932C4A2324A6/data/Containers/Bundle/Application/89E2583F-79A1-44A9-8AA2-A3B14B9B2A2C/HelloWorld.app/www/index.html#/
2014-10-22 14:59:25.955 HelloWorld[61870:2101937] Multi-tasking -> Device: YES, App: YES
2014-10-22 14:59:25.960 HelloWorld[61870:2101937] Unlimited access to network resources
2014-10-22 14:59:25.962 HelloWorld[61870:2101937] 

Started backup to iCloud! Please be careful.
Your application might rejected by Apple if you store too much data.
For more information please read "iOS Data Storage Guidelines"
You could find it at the following address https://developer.apple.com/icloud/documentation/data-storage/ .

2014-10-22 14:59:26.169 HelloWorld[61870:2101937] Resetting plugins due to page load.
2014-10-22 14:59:26.294 HelloWorld[61870:2101937] Finished load of: file:///Users/leethompson/Library/Developer/CoreSimulator/Devices/6F1C5F86-0093-4661-9F24-932C4A2324A6/data/Containers/Bundle/Application/95D1927D-7CB7-4191-B7DF-98343773A10F/HelloWorld.app/www/index.html#/
2014-10-22 15:05:47.247 HelloWorld[62279:2106176] Multi-tasking -> Device: YES, App: YES
2014-10-22 15:05:47.252 HelloWorld[62279:2106176] Unlimited access to network resources
2014-10-22 15:05:47.254 HelloWorld[62279:2106176] 

Started backup to iCloud! Please be careful.
Your application might rejected by Apple if you store too much data.
For more information please read "iOS Data Storage Guidelines"
You could find it at the following address https://developer.apple.com/icloud/documentation/data-storage/ .

2014-10-22 15:05:47.489 HelloWorld[62279:2106176] Resetting plugins due to page load.
2014-10-22 15:05:47.649 HelloWorld[62279:2106176] Finished load of: file:///Users/leethompson/Library/Developer/CoreSimulator/Devices/6F1C5F86-0093-4661-9F24-932C4A2324A6/data/Containers/Bundle/Application/4F80C3BB-EAFA-4FA5-9D94-EECF4F431A6E/HelloWorld.app/www/index.html#/
2014-10-22 15:07:17.345 HelloWorld[62662:2107693] Multi-tasking -> Device: YES, App: YES
2014-10-22 15:07:17.350 HelloWorld[62662:2107693] Unlimited access to network resources
2014-10-22 15:07:17.351 HelloWorld[62662:2107693] 

Started backup to iCloud! Please be careful.
Your application might rejected by Apple if you store too much data.
For more information please read "iOS Data Storage Guidelines"
You could find it at the following address https://developer.apple.com/icloud/documentation/data-storage/ .

2014-10-22 15:07:17.625 HelloWorld[62662:2107693] Resetting plugins due to page load.
2014-10-22 15:07:17.736 HelloWorld[62662:2107693] Finished load of: file:///Users/leethompson/Library/Developer/CoreSimulator/Devices/6F1C5F86-0093-4661-9F24-932C4A2324A6/data/Containers/Bundle/Application/50D1B6C9-122F-4319-AB6C-4D9F42839438/HelloWorld.app/www/index.html#/
2014-10-22 15:07:30.922 HelloWorld[63037:2108403] Multi-tasking -> Device: YES, App: YES
2014-10-22 15:07:30.927 HelloWorld[63037:2108403] Unlimited access to network resources
2014-10-22 15:07:30.929 HelloWorld[63037:2108403] 

Started backup to iCloud! Please be careful.
Your application might rejected by Apple if you store too much data.
For more information please read "iOS Data Storage Guidelines"
You could find it at the following address https://developer.apple.com/icloud/documentation/data-storage/ .

2014-10-22 15:07:31.077 HelloWorld[63037:2108403] Resetting plugins due to page load.
2014-10-22 15:07:31.176 HelloWorld[63037:2108403] Finished load of: file:///Users/leethompson/Library/Developer/CoreSimulator/Devices/6F1C5F86-0093-4661-9F24-932C4A2324A6/data/Containers/Bundle/Application/7FC11E99-C661-490D-AFBD-D9EB20A7CB93/HelloWorld.app/www/index.html#/
2014-10-22 15:08:39.376 HelloWorld[63412:2109533] Multi-tasking -> Device: YES, App: YES
2014-10-22 15:08:39.382 HelloWorld[63412:2109533] Unlimited access to network resources
2014-10-22 15:08:39.383 HelloWorld[63412:2109533] 

Started backup to iCloud! Please be careful.
Your application might rejected by Apple if you store too much data.
For more information please read "iOS Data Storage Guidelines"
You could find it at the following address https://developer.apple.com/icloud/documentation/data-storage/ .

2014-10-22 15:08:39.550 HelloWorld[63412:2109533] Resetting plugins due to page load.
2014-10-22 15:08:39.649 HelloWorld[63412:2109533] Finished load of: file:///Users/leethompson/Library/Developer/CoreSimulator/Devices/6F1C5F86-0093-4661-9F24-932C4A2324A6/data/Containers/Bundle/Application/B174D677-F5DA-49A8-AAE2-35105A093DC0/HelloWorld.app/www/index.html#/
2014-10-22 15:12:06.155 HelloWorld[63806:2111952] Multi-tasking -> Device: YES, App: YES
2014-10-22 15:12:06.159 HelloWorld[63806:2111952] Unlimited access to network resources
2014-10-22 15:12:06.161 HelloWorld[63806:2111952] 

Started backup to iCloud! Please be careful.
Your application might rejected by Apple if you store too much data.
For more information please read "iOS Data Storage Guidelines"
You could find it at the following address https://developer.apple.com/icloud/documentation/data-storage/ .

2014-10-22 15:12:06.342 HelloWorld[63806:2111952] Resetting plugins due to page load.
2014-10-22 15:12:06.445 HelloWorld[63806:2111952] Finished load of: file:///Users/leethompson/Library/Developer/CoreSimulator/Devices/6F1C5F86-0093-4661-9F24-932C4A2324A6/data/Containers/Bundle/Application/8FB8F8DC-44ED-40C8-A822-BCD6A4DC42ED/HelloWorld.app/www/index.html#/
2014-10-22 15:14:32.617 HelloWorld[64194:2113892] Multi-tasking -> Device: YES, App: YES
2014-10-22 15:14:32.622 HelloWorld[64194:2113892] Unlimited access to network resources
2014-10-22 15:14:32.624 HelloWorld[64194:2113892] 

Started backup to iCloud! Please be careful.
Your application might rejected by Apple if you store too much data.
For more information please read "iOS Data Storage Guidelines"
You could find it at the following address https://developer.apple.com/icloud/documentation/data-storage/ .

2014-10-22 15:14:32.834 HelloWorld[64194:2113892] Resetting plugins due to page load.
2014-10-22 15:14:32.970 HelloWorld[64194:2113892] Finished load of: file:///Users/leethompson/Library/Developer/CoreSimulator/Devices/6F1C5F86-0093-4661-9F24-932C4A2324A6/data/Containers/Bundle/Application/6EE9E933-71EC-4BD5-B343-1D6D64449FAC/HelloWorld.app/www/index.html
2014-10-22 15:25:16.339 HelloWorld[64630:2119878] Multi-tasking -> Device: YES, App: YES
2014-10-22 15:25:16.344 HelloWorld[64630:2119878] Unlimited access to network resources
2014-10-22 15:25:16.346 HelloWorld[64630:2119878] 

Started backup to iCloud! Please be careful.
Your application might rejected by Apple if you store too much data.
For more information please read "iOS Data Storage Guidelines"
You could find it at the following address https://developer.apple.com/icloud/documentation/data-storage/ .

2014-10-22 15:25:16.551 HelloWorld[64630:2119878] Resetting plugins due to page load.
2014-10-22 15:25:16.694 HelloWorld[64630:2119878] Finished load of: file:///Users/leethompson/Library/Developer/CoreSimulator/Devices/6F1C5F86-0093-4661-9F24-932C4A2324A6/data/Containers/Bundle/Application/9B7E8996-6005-4292-BB7A-C6D042296E27/HelloWorld.app/www/index.html#/
2014-10-22 15:27:02.730 HelloWorld[65010:2121535] Multi-tasking -> Device: YES, App: YES
2014-10-22 15:27:02.735 HelloWorld[65010:2121535] Unlimited access to network resources
2014-10-22 15:27:02.737 HelloWorld[65010:2121535] 

Started backup to iCloud! Please be careful.
Your application might rejected by Apple if you store too much data.
For more information please read "iOS Data Storage Guidelines"
You could find it at the following address https://developer.apple.com/icloud/documentation/data-storage/ .

2014-10-22 15:27:02.914 HelloWorld[65010:2121535] Resetting plugins due to page load.
2014-10-22 15:27:03.052 HelloWorld[65010:2121535] Finished load of: file:///Users/leethompson/Library/Developer/CoreSimulator/Devices/6F1C5F86-0093-4661-9F24-932C4A2324A6/data/Containers/Bundle/Application/772F7807-5059-4FF2-BDEF-526B4BD80777/HelloWorld.app/www/index.html#/
2014-10-22 15:35:19.729 HelloWorld[65437:2126631] Multi-tasking -> Device: YES, App: YES
2014-10-22 15:35:19.735 HelloWorld[65437:2126631] Unlimited access to network resources
2014-10-22 15:35:19.737 HelloWorld[65437:2126631] 

Started backup to iCloud! Please be careful.
Your application might rejected by Apple if you store too much data.
For more information please read "iOS Data Storage Guidelines"
You could find it at the following address https://developer.apple.com/icloud/documentation/data-storage/ .

2014-10-22 15:35:19.947 HelloWorld[65437:2126631] Resetting plugins due to page load.
2014-10-22 15:35:20.131 HelloWorld[65437:2126631] Finished load of: file:///Users/leethompson/Library/Developer/CoreSimulator/Devices/6F1C5F86-0093-4661-9F24-932C4A2324A6/data/Containers/Bundle/Application/C3C31B2D-8A3A-464E-AF0A-424CA0AB2F14/HelloWorld.app/www/index.html#/
2014-10-22 15:40:06.334 HelloWorld[66015:2130075] Multi-tasking -> Device: YES, App: YES
2014-10-22 15:40:06.340 HelloWorld[66015:2130075] Unlimited access to network resources
2014-10-22 15:40:06.342 HelloWorld[66015:2130075] 

Started backup to iCloud! Please be careful.
Your application might rejected by Apple if you store too much data.
For more information please read "iOS Data Storage Guidelines"
You could find it at the following address https://developer.apple.com/icloud/documentation/data-storage/ .

2014-10-22 15:40:06.628 HelloWorld[66015:2130075] Resetting plugins due to page load.
2014-10-22 15:40:06.778 HelloWorld[66015:2130075] Finished load of: file:///Users/leethompson/Library/Developer/CoreSimulator/Devices/6F1C5F86-0093-4661-9F24-932C4A2324A6/data/Containers/Bundle/Application/F33538D0-3034-4F8D-AF78-01EE3D625F65/HelloWorld.app/www/index.html#/
2014-10-22 15:41:19.089 HelloWorld[66394:2131542] Multi-tasking -> Device: YES, App: YES
2014-10-22 15:41:19.094 HelloWorld[66394:2131542] Unlimited access to network resources
2014-10-22 15:41:19.096 HelloWorld[66394:2131542] 

Started backup to iCloud! Please be careful.
Your application might rejected by Apple if you store too much data.
For more information please read "iOS Data Storage Guidelines"
You could find it at the following address https://developer.apple.com/icloud/documentation/data-storage/ .

2014-10-22 15:41:19.331 HelloWorld[66394:2131542] Resetting plugins due to page load.
2014-10-22 15:41:19.570 HelloWorld[66394:2131542] Finished load of: file:///Users/leethompson/Library/Developer/CoreSimulator/Devices/6F1C5F86-0093-4661-9F24-932C4A2324A6/data/Containers/Bundle/Application/635E8D71-7ECF-48CD-A989-335CD658D407/HelloWorld.app/www/index.html#/
2014-10-24 16:50:43.705 HelloWorld[22731:2997796] Multi-tasking -> Device: YES, App: YES
2014-10-24 16:50:43.723 HelloWorld[22731:2997796] Unlimited access to network resources
2014-10-24 16:50:43.728 HelloWorld[22731:2997796] 

Started backup to iCloud! Please be careful.
Your application might rejected by Apple if you store too much data.
For more information please read "iOS Data Storage Guidelines"
You could find it at the following address https://developer.apple.com/icloud/documentation/data-storage/ .

2014-10-24 16:50:44.057 HelloWorld[22731:2997796] Resetting plugins due to page load.
2014-10-24 16:50:44.296 HelloWorld[22731:2997796] Finished load of: file:///Users/leethompson/Library/Developer/CoreSimulator/Devices/6F1C5F86-0093-4661-9F24-932C4A2324A6/data/Containers/Bundle/Application/8D099FFC-5003-4F97-A80E-AB7BF52C2B19/HelloWorld.app/www/index.html#/app/home
2014-10-24 16:51:19.105 HelloWorld[23213:2999040] Multi-tasking -> Device: YES, App: YES
2014-10-24 16:51:19.110 HelloWorld[23213:2999040] Unlimited access to network resources
2014-10-24 16:51:19.111 HelloWorld[23213:2999040] 

Started backup to iCloud! Please be careful.
Your application might rejected by Apple if you store too much data.
For more information please read "iOS Data Storage Guidelines"
You could find it at the following address https://developer.apple.com/icloud/documentation/data-storage/ .

2014-10-24 16:51:19.267 HelloWorld[23213:2999040] Resetting plugins due to page load.
2014-10-24 16:51:19.405 HelloWorld[23213:2999040] Finished load of: file:///Users/leethompson/Library/Developer/CoreSimulator/Devices/6F1C5F86-0093-4661-9F24-932C4A2324A6/data/Containers/Bundle/Application/21A4E24E-A53B-43C6-AE9D-F6AAF7ACABC9/HelloWorld.app/www/index.html#/app/home
2014-10-24 16:55:06.765 HelloWorld[24157:3002424] Multi-tasking -> Device: YES, App: YES
2014-10-24 16:55:06.770 HelloWorld[24157:3002424] Unlimited access to network resources
2014-10-24 16:55:06.772 HelloWorld[24157:3002424] 

Started backup to iCloud! Please be careful.
Your application might rejected by Apple if you store too much data.
For more information please read "iOS Data Storage Guidelines"
You could find it at the following address https://developer.apple.com/icloud/documentation/data-storage/ .

2014-10-24 16:55:07.017 HelloWorld[24157:3002424] Resetting plugins due to page load.
2014-10-24 16:55:07.132 HelloWorld[24157:3002424] Finished load of: file:///Users/leethompson/Library/Developer/CoreSimulator/Devices/6F1C5F86-0093-4661-9F24-932C4A2324A6/data/Containers/Bundle/Application/06215E9F-3FD7-4575-ACD2-270AD3F51AC5/HelloWorld.app/www/index.html#/app/home
2014-10-24 17:08:00.633 HelloWorld[26483:3012349] Multi-tasking -> Device: YES, App: YES
2014-10-24 17:08:00.638 HelloWorld[26483:3012349] Unlimited access to network resources
2014-10-24 17:08:00.640 HelloWorld[26483:3012349] 

Started backup to iCloud! Please be careful.
Your application might rejected by Apple if you store too much data.
For more information please read "iOS Data Storage Guidelines"
You could find it at the following address https://developer.apple.com/icloud/documentation/data-storage/ .

2014-10-24 17:08:00.917 HelloWorld[26483:3012349] Resetting plugins due to page load.
2014-10-24 17:08:01.035 HelloWorld[26483:3012349] Finished load of: file:///Users/leethompson/Library/Developer/CoreSimulator/Devices/6F1C5F86-0093-4661-9F24-932C4A2324A6/data/Containers/Bundle/Application/E6B61510-2E0D-4E83-8D2A-D1FFD2201E5B/HelloWorld.app/www/index.html#/app/home
2014-10-24 17:39:58.478 HelloWorld[26483:3033493] Terminating since there is no system app.
2014-10-27 09:16:51.738 HelloWorld[2897:20926] DiskCookieStorage changing policy from 2 to 0, cookie file: file:///Users/leethompson/Library/Developer/CoreSimulator/Devices/822ABE90-7513-4782-AE97-DA036953F522/data/Containers/Data/Application/78EA415C-1494-4E1F-915F-BA67FDC53D10/Library/Cookies/Cookies.binarycookies
2014-10-27 09:16:51.830 HelloWorld[2897:20926] Multi-tasking -> Device: YES, App: YES
2014-10-27 09:16:51.835 HelloWorld[2897:20926] Unlimited access to network resources
2014-10-27 09:16:51.840 HelloWorld[2897:20926] 

Started backup to iCloud! Please be careful.
Your application might rejected by Apple if you store too much data.
For more information please read "iOS Data Storage Guidelines"
You could find it at the following address https://developer.apple.com/icloud/documentation/data-storage/ .

2014-10-27 09:16:52.716 HelloWorld[2897:20926] Resetting plugins due to page load.
2014-10-27 09:16:52.873 HelloWorld[2897:20926] Finished load of: file:///Users/leethompson/Library/Developer/CoreSimulator/Devices/822ABE90-7513-4782-AE97-DA036953F522/data/Containers/Bundle/Application/0BD20487-2916-4C1E-9F0C-37D0DF8AC9F9/HelloWorld.app/www/index.html#/app/home
2014-10-27 09:26:09.367 HelloWorld[3294:23990] Multi-tasking -> Device: YES, App: YES
2014-10-27 09:26:09.372 HelloWorld[3294:23990] Unlimited access to network resources
2014-10-27 09:26:09.375 HelloWorld[3294:23990] 

Started backup to iCloud! Please be careful.
Your application might rejected by Apple if you store too much data.
For more information please read "iOS Data Storage Guidelines"
You could find it at the following address https://developer.apple.com/icloud/documentation/data-storage/ .

2014-10-27 09:26:09.583 HelloWorld[3294:23990] Resetting plugins due to page load.
2014-10-27 09:26:09.682 HelloWorld[3294:23990] Finished load of: file:///Users/leethompson/Library/Developer/CoreSimulator/Devices/822ABE90-7513-4782-AE97-DA036953F522/data/Containers/Bundle/Application/F20B8B6D-D2B8-49C3-B33D-2BF8398340B1/HelloWorld.app/www/index.html#/app/home
2014-10-27 09:38:49.426 HelloWorld[3724:28530] Multi-tasking -> Device: YES, App: YES
2014-10-27 09:38:49.431 HelloWorld[3724:28530] Unlimited access to network resources
2014-10-27 09:38:49.433 HelloWorld[3724:28530] 

Started backup to iCloud! Please be careful.
Your application might rejected by Apple if you store too much data.
For more information please read "iOS Data Storage Guidelines"
You could find it at the following address https://developer.apple.com/icloud/documentation/data-storage/ .

2014-10-27 09:38:49.635 HelloWorld[3724:28530] Resetting plugins due to page load.
2014-10-27 09:38:49.733 HelloWorld[3724:28530] Finished load of: file:///Users/leethompson/Library/Developer/CoreSimulator/Devices/822ABE90-7513-4782-AE97-DA036953F522/data/Containers/Bundle/Application/3B1BD53C-54AA-4626-A546-A73C9FDB6B05/HelloWorld.app/www/index.html#/app/home
2014-10-27 09:39:28.566 HelloWorld[4104:29267] Multi-tasking -> Device: YES, App: YES
2014-10-27 09:39:28.571 HelloWorld[4104:29267] Unlimited access to network resources
2014-10-27 09:39:28.573 HelloWorld[4104:29267] 

Started backup to iCloud! Please be careful.
Your application might rejected by Apple if you store too much data.
For more information please read "iOS Data Storage Guidelines"
You could find it at the following address https://developer.apple.com/icloud/documentation/data-storage/ .

2014-10-27 09:39:28.769 HelloWorld[4104:29267] Resetting plugins due to page load.
2014-10-27 09:39:28.870 HelloWorld[4104:29267] Finished load of: file:///Users/leethompson/Library/Developer/CoreSimulator/Devices/822ABE90-7513-4782-AE97-DA036953F522/data/Containers/Bundle/Application/1832A426-BC9B-40A4-87C9-F86AF8C63467/HelloWorld.app/www/index.html#/app/home
2014-10-27 09:40:44.476 HelloWorld[4490:30291] Multi-tasking -> Device: YES, App: YES
2014-10-27 09:40:44.485 HelloWorld[4490:30291] Unlimited access to network resources
2014-10-27 09:40:44.487 HelloWorld[4490:30291] 

Started backup to iCloud! Please be careful.
Your application might rejected by Apple if you store too much data.
For more information please read "iOS Data Storage Guidelines"
You could find it at the following address https://developer.apple.com/icloud/documentation/data-storage/ .

2014-10-27 09:40:44.691 HelloWorld[4490:30291] Resetting plugins due to page load.
2014-10-27 09:40:44.794 HelloWorld[4490:30291] Finished load of: file:///Users/leethompson/Library/Developer/CoreSimulator/Devices/822ABE90-7513-4782-AE97-DA036953F522/data/Containers/Bundle/Application/78FF878F-9B2A-4EDB-98ED-202055ECE40F/HelloWorld.app/www/index.html#/app/home
2014-10-27 09:46:06.057 HelloWorld[4878:32221] Multi-tasking -> Device: YES, App: YES
2014-10-27 09:46:06.062 HelloWorld[4878:32221] Unlimited access to network resources
2014-10-27 09:46:06.064 HelloWorld[4878:32221] 

Started backup to iCloud! Please be careful.
Your application might rejected by Apple if you store too much data.
For more information please read "iOS Data Storage Guidelines"
You could find it at the following address https://developer.apple.com/icloud/documentation/data-storage/ .

2014-10-27 09:46:06.260 HelloWorld[4878:32221] Resetting plugins due to page load.
2014-10-27 09:46:06.366 HelloWorld[4878:32221] Finished load of: file:///Users/leethompson/Library/Developer/CoreSimulator/Devices/822ABE90-7513-4782-AE97-DA036953F522/data/Containers/Bundle/Application/E3F94824-5816-4288-BE36-82051CC71C08/HelloWorld.app/www/index.html#/app/home
2014-10-27 11:49:01.332 HelloWorld[5535:69280] Multi-tasking -> Device: YES, App: YES
2014-10-27 11:49:01.337 HelloWorld[5535:69280] Unlimited access to network resources
2014-10-27 11:49:01.339 HelloWorld[5535:69280] 

Started backup to iCloud! Please be careful.
Your application might rejected by Apple if you store too much data.
For more information please read "iOS Data Storage Guidelines"
You could find it at the following address https://developer.apple.com/icloud/documentation/data-storage/ .

2014-10-27 11:49:01.606 HelloWorld[5535:69280] Resetting plugins due to page load.
2014-10-27 11:49:01.703 HelloWorld[5535:69280] Finished load of: file:///Users/leethompson/Library/Developer/CoreSimulator/Devices/822ABE90-7513-4782-AE97-DA036953F522/data/Containers/Bundle/Application/26356ED4-ED99-43E6-8579-E1605B7EEC7B/HelloWorld.app/www/index.html#/app/home
2014-10-27 11:51:11.897 HelloWorld[5941:71788] Multi-tasking -> Device: YES, App: YES
2014-10-27 11:51:11.902 HelloWorld[5941:71788] Unlimited access to network resources
2014-10-27 11:51:11.904 HelloWorld[5941:71788] 

Started backup to iCloud! Please be careful.
Your application might rejected by Apple if you store too much data.
For more information please read "iOS Data Storage Guidelines"
You could find it at the following address https://developer.apple.com/icloud/documentation/data-storage/ .

2014-10-27 11:51:12.151 HelloWorld[5941:71788] Resetting plugins due to page load.
2014-10-27 11:51:12.248 HelloWorld[5941:71788] Finished load of: file:///Users/leethompson/Library/Developer/CoreSimulator/Devices/822ABE90-7513-4782-AE97-DA036953F522/data/Containers/Bundle/Application/A5EC49BA-ED96-4F79-86EC-8F21CF4250A4/HelloWorld.app/www/index.html#/app/home
2014-10-27 11:52:48.868 HelloWorld[6325:73066] Multi-tasking -> Device: YES, App: YES
2014-10-27 11:52:48.873 HelloWorld[6325:73066] Unlimited access to network resources
2014-10-27 11:52:48.876 HelloWorld[6325:73066] 

Started backup to iCloud! Please be careful.
Your application might rejected by Apple if you store too much data.
For more information please read "iOS Data Storage Guidelines"
You could find it at the following address https://developer.apple.com/icloud/documentation/data-storage/ .

2014-10-27 11:52:49.136 HelloWorld[6325:73066] Resetting plugins due to page load.
2014-10-27 11:52:49.243 HelloWorld[6325:73066] Finished load of: file:///Users/leethompson/Library/Developer/CoreSimulator/Devices/822ABE90-7513-4782-AE97-DA036953F522/data/Containers/Bundle/Application/934CA732-9891-488A-9A28-7F2D42D599E6/HelloWorld.app/www/index.html#/app/home
2014-10-27 11:54:14.720 HelloWorld[6709:74105] Multi-tasking -> Device: YES, App: YES
2014-10-27 11:54:14.725 HelloWorld[6709:74105] Unlimited access to network resources
2014-10-27 11:54:14.727 HelloWorld[6709:74105] 

Started backup to iCloud! Please be careful.
Your application might rejected by Apple if you store too much data.
For more information please read "iOS Data Storage Guidelines"
You could find it at the following address https://developer.apple.com/icloud/documentation/data-storage/ .

2014-10-27 11:54:14.936 HelloWorld[6709:74105] Resetting plugins due to page load.
2014-10-27 11:54:15.063 HelloWorld[6709:74105] Finished load of: file:///Users/leethompson/Library/Developer/CoreSimulator/Devices/822ABE90-7513-4782-AE97-DA036953F522/data/Containers/Bundle/Application/2E6380D8-223C-49B4-B917-27EA2C32E10E/HelloWorld.app/www/index.html#/app/home
2014-10-27 11:55:27.305 HelloWorld[7093:75076] Multi-tasking -> Device: YES, App: YES
2014-10-27 11:55:27.310 HelloWorld[7093:75076] Unlimited access to network resources
2014-10-27 11:55:27.313 HelloWorld[7093:75076] 

Started backup to iCloud! Please be careful.
Your application might rejected by Apple if you store too much data.
For more information please read "iOS Data Storage Guidelines"
You could find it at the following address https://developer.apple.com/icloud/documentation/data-storage/ .

2014-10-27 11:55:27.518 HelloWorld[7093:75076] Resetting plugins due to page load.
2014-10-27 11:55:27.621 HelloWorld[7093:75076] Finished load of: file:///Users/leethompson/Library/Developer/CoreSimulator/Devices/822ABE90-7513-4782-AE97-DA036953F522/data/Containers/Bundle/Application/46721035-DB44-4597-BAE4-1B5F30594DC3/HelloWorld.app/www/index.html#/app/home
2014-10-27 11:56:47.104 HelloWorld[7477:76200] Multi-tasking -> Device: YES, App: YES
2014-10-27 11:56:47.109 HelloWorld[7477:76200] Unlimited access to network resources
2014-10-27 11:56:47.111 HelloWorld[7477:76200] 

Started backup to iCloud! Please be careful.
Your application might rejected by Apple if you store too much data.
For more information please read "iOS Data Storage Guidelines"
You could find it at the following address https://developer.apple.com/icloud/documentation/data-storage/ .

2014-10-27 11:56:47.305 HelloWorld[7477:76200] Resetting plugins due to page load.
2014-10-27 11:56:47.406 HelloWorld[7477:76200] Finished load of: file:///Users/leethompson/Library/Developer/CoreSimulator/Devices/822ABE90-7513-4782-AE97-DA036953F522/data/Containers/Bundle/Application/2E01C425-DCC6-4849-857D-D5CAE8E60593/HelloWorld.app/www/index.html#/app/home
2014-10-27 14:45:52.995 HelloWorld[8524:126662] Multi-tasking -> Device: YES, App: YES
2014-10-27 14:45:53.000 HelloWorld[8524:126662] Unlimited access to network resources
2014-10-27 14:45:53.002 HelloWorld[8524:126662] 

Started backup to iCloud! Please be careful.
Your application might rejected by Apple if you store too much data.
For more information please read "iOS Data Storage Guidelines"
You could find it at the following address https://developer.apple.com/icloud/documentation/data-storage/ .

2014-10-27 14:45:53.444 HelloWorld[8524:126662] Resetting plugins due to page load.
2014-10-27 14:45:53.550 HelloWorld[8524:126662] Finished load of: file:///Users/leethompson/Library/Developer/CoreSimulator/Devices/822ABE90-7513-4782-AE97-DA036953F522/data/Containers/Bundle/Application/C871958C-7EB0-407B-973C-F124FE96A2B2/HelloWorld.app/www/index.html#/app/home
2014-10-27 14:55:36.399 HelloWorld[8936:130605] Multi-tasking -> Device: YES, App: YES
2014-10-27 14:55:36.408 HelloWorld[8936:130605] Unlimited access to network resources
2014-10-27 14:55:36.411 HelloWorld[8936:130605] 

Started backup to iCloud! Please be careful.
Your application might rejected by Apple if you store too much data.
For more information please read "iOS Data Storage Guidelines"
You could find it at the following address https://developer.apple.com/icloud/documentation/data-storage/ .

2014-10-27 14:55:36.650 HelloWorld[8936:130605] Resetting plugins due to page load.
2014-10-27 14:55:36.724 HelloWorld[8936:130605] Finished load of: file:///Users/leethompson/Library/Developer/CoreSimulator/Devices/822ABE90-7513-4782-AE97-DA036953F522/data/Containers/Bundle/Application/279F9B9E-1118-49D1-8765-1E0E64B630B9/HelloWorld.app/www/index.html#/app/home
2014-10-27 14:56:27.132 HelloWorld[9320:131496] Multi-tasking -> Device: YES, App: YES
2014-10-27 14:56:27.138 HelloWorld[9320:131496] Unlimited access to network resources
2014-10-27 14:56:27.140 HelloWorld[9320:131496] 

Started backup to iCloud! Please be careful.
Your application might rejected by Apple if you store too much data.
For more information please read "iOS Data Storage Guidelines"
You could find it at the following address https://developer.apple.com/icloud/documentation/data-storage/ .

2014-10-27 14:56:27.380 HelloWorld[9320:131496] Resetting plugins due to page load.
2014-10-27 14:56:27.455 HelloWorld[9320:131496] Finished load of: file:///Users/leethompson/Library/Developer/CoreSimulator/Devices/822ABE90-7513-4782-AE97-DA036953F522/data/Containers/Bundle/Application/45EF90BC-F4F7-4A40-9F0A-E5CB7187BA4F/HelloWorld.app/www/index.html#/app/home
2014-10-27 14:57:10.616 HelloWorld[9705:132402] Multi-tasking -> Device: YES, App: YES
2014-10-27 14:57:10.621 HelloWorld[9705:132402] Unlimited access to network resources
2014-10-27 14:57:10.623 HelloWorld[9705:132402] 

Started backup to iCloud! Please be careful.
Your application might rejected by Apple if you store too much data.
For more information please read "iOS Data Storage Guidelines"
You could find it at the following address https://developer.apple.com/icloud/documentation/data-storage/ .

2014-10-27 14:57:10.855 HelloWorld[9705:132402] Resetting plugins due to page load.
2014-10-27 14:57:10.931 HelloWorld[9705:132402] Finished load of: file:///Users/leethompson/Library/Developer/CoreSimulator/Devices/822ABE90-7513-4782-AE97-DA036953F522/data/Containers/Bundle/Application/CEB6F17F-32C2-4B09-AF92-F8DD48CB00E3/HelloWorld.app/www/index.html#/app/home
2014-10-27 14:57:28.610 HelloWorld[10087:133164] Multi-tasking -> Device: YES, App: YES
2014-10-27 14:57:28.614 HelloWorld[10087:133164] Unlimited access to network resources
2014-10-27 14:57:28.617 HelloWorld[10087:133164] 

Started backup to iCloud! Please be careful.
Your application might rejected by Apple if you store too much data.
For more information please read "iOS Data Storage Guidelines"
You could find it at the following address https://developer.apple.com/icloud/documentation/data-storage/ .

2014-10-27 14:57:28.866 HelloWorld[10087:133164] Resetting plugins due to page load.
2014-10-27 14:57:28.971 HelloWorld[10087:133164] Finished load of: file:///Users/leethompson/Library/Developer/CoreSimulator/Devices/822ABE90-7513-4782-AE97-DA036953F522/data/Containers/Bundle/Application/6C692502-5B87-47FF-BA42-A96D4C4EC158/HelloWorld.app/www/index.html#/app/home
2014-10-27 15:05:30.105 HelloWorld[10482:136042] Multi-tasking -> Device: YES, App: YES
2014-10-27 15:05:30.110 HelloWorld[10482:136042] Unlimited access to network resources
2014-10-27 15:05:30.113 HelloWorld[10482:136042] 

Started backup to iCloud! Please be careful.
Your application might rejected by Apple if you store too much data.
For more information please read "iOS Data Storage Guidelines"
You could find it at the following address https://developer.apple.com/icloud/documentation/data-storage/ .

2014-10-27 15:05:30.344 HelloWorld[10482:136042] Resetting plugins due to page load.
2014-10-27 15:05:30.419 HelloWorld[10482:136042] Finished load of: file:///Users/leethompson/Library/Developer/CoreSimulator/Devices/822ABE90-7513-4782-AE97-DA036953F522/data/Containers/Bundle/Application/6222EF46-A35D-4AF0-B5E9-A4FF5558D7BE/HelloWorld.app/www/index.html#/app/home
2014-10-27 15:05:45.425 HelloWorld[10860:136751] Multi-tasking -> Device: YES, App: YES
2014-10-27 15:05:45.430 HelloWorld[10860:136751] Unlimited access to network resources
2014-10-27 15:05:45.432 HelloWorld[10860:136751] 

Started backup to iCloud! Please be careful.
Your application might rejected by Apple if you store too much data.
For more information please read "iOS Data Storage Guidelines"
You could find it at the following address https://developer.apple.com/icloud/documentation/data-storage/ .

2014-10-27 15:05:45.668 HelloWorld[10860:136751] Resetting plugins due to page load.
2014-10-27 15:05:45.764 HelloWorld[10860:136751] Finished load of: file:///Users/leethompson/Library/Developer/CoreSimulator/Devices/822ABE90-7513-4782-AE97-DA036953F522/data/Containers/Bundle/Application/D028BA2C-F750-4B82-AD32-5386E8945D90/HelloWorld.app/www/index.html#/app/home
2014-10-27 15:06:30.655 HelloWorld[11241:137665] Multi-tasking -> Device: YES, App: YES
2014-10-27 15:06:30.660 HelloWorld[11241:137665] Unlimited access to network resources
2014-10-27 15:06:30.663 HelloWorld[11241:137665] 

Started backup to iCloud! Please be careful.
Your application might rejected by Apple if you store too much data.
For more information please read "iOS Data Storage Guidelines"
You could find it at the following address https://developer.apple.com/icloud/documentation/data-storage/ .

2014-10-27 15:06:30.903 HelloWorld[11241:137665] Resetting plugins due to page load.
2014-10-27 15:06:30.997 HelloWorld[11241:137665] Finished load of: file:///Users/leethompson/Library/Developer/CoreSimulator/Devices/822ABE90-7513-4782-AE97-DA036953F522/data/Containers/Bundle/Application/C3237E41-BDE3-4CB4-8EF7-C96935D6711F/HelloWorld.app/www/index.html#/app/home
2014-10-27 15:07:09.734 HelloWorld[11620:138447] Multi-tasking -> Device: YES, App: YES
2014-10-27 15:07:09.740 HelloWorld[11620:138447] Unlimited access to network resources
2014-10-27 15:07:09.742 HelloWorld[11620:138447] 

Started backup to iCloud! Please be careful.
Your application might rejected by Apple if you store too much data.
For more information please read "iOS Data Storage Guidelines"
You could find it at the following address https://developer.apple.com/icloud/documentation/data-storage/ .

2014-10-27 15:07:09.974 HelloWorld[11620:138447] Resetting plugins due to page load.
2014-10-27 15:07:10.070 HelloWorld[11620:138447] Finished load of: file:///Users/leethompson/Library/Developer/CoreSimulator/Devices/822ABE90-7513-4782-AE97-DA036953F522/data/Containers/Bundle/Application/3B8C0681-D7CE-4171-9FB2-FD7F214288EA/HelloWorld.app/www/index.html#/app/home
2014-10-27 15:07:51.887 HelloWorld[11998:139346] Multi-tasking -> Device: YES, App: YES
2014-10-27 15:07:51.893 HelloWorld[11998:139346] Unlimited access to network resources
2014-10-27 15:07:51.895 HelloWorld[11998:139346] 

Started backup to iCloud! Please be careful.
Your application might rejected by Apple if you store too much data.
For more information please read "iOS Data Storage Guidelines"
You could find it at the following address https://developer.apple.com/icloud/documentation/data-storage/ .

2014-10-27 15:07:52.147 HelloWorld[11998:139346] Resetting plugins due to page load.
2014-10-27 15:07:52.247 HelloWorld[11998:139346] Finished load of: file:///Users/leethompson/Library/Developer/CoreSimulator/Devices/822ABE90-7513-4782-AE97-DA036953F522/data/Containers/Bundle/Application/B342D220-FFCA-4510-BA50-570244AE0AB2/HelloWorld.app/www/index.html#/app/home
2014-10-27 15:08:32.478 HelloWorld[12376:140205] Multi-tasking -> Device: YES, App: YES
2014-10-27 15:08:32.482 HelloWorld[12376:140205] Unlimited access to network resources
2014-10-27 15:08:32.485 HelloWorld[12376:140205] 

Started backup to iCloud! Please be careful.
Your application might rejected by Apple if you store too much data.
For more information please read "iOS Data Storage Guidelines"
You could find it at the following address https://developer.apple.com/icloud/documentation/data-storage/ .

2014-10-27 15:08:32.741 HelloWorld[12376:140205] Resetting plugins due to page load.
2014-10-27 15:08:32.839 HelloWorld[12376:140205] Finished load of: file:///Users/leethompson/Library/Developer/CoreSimulator/Devices/822ABE90-7513-4782-AE97-DA036953F522/data/Containers/Bundle/Application/A9A95220-375A-4E63-9A58-3E94FCD1ACE2/HelloWorld.app/www/index.html#/app/home
2014-10-27 15:09:08.601 HelloWorld[12759:140956] Multi-tasking -> Device: YES, App: YES
2014-10-27 15:09:08.606 HelloWorld[12759:140956] Unlimited access to network resources
2014-10-27 15:09:08.608 HelloWorld[12759:140956] 

Started backup to iCloud! Please be careful.
Your application might rejected by Apple if you store too much data.
For more information please read "iOS Data Storage Guidelines"
You could find it at the following address https://developer.apple.com/icloud/documentation/data-storage/ .

2014-10-27 15:09:08.837 HelloWorld[12759:140956] Resetting plugins due to page load.
2014-10-27 15:09:08.936 HelloWorld[12759:140956] Finished load of: file:///Users/leethompson/Library/Developer/CoreSimulator/Devices/822ABE90-7513-4782-AE97-DA036953F522/data/Containers/Bundle/Application/802DAE3C-FBC9-4C23-AB84-C17C1376FFDC/HelloWorld.app/www/index.html#/app/home
2014-10-27 15:10:17.399 HelloWorld[13144:142044] Multi-tasking -> Device: YES, App: YES
2014-10-27 15:10:17.404 HelloWorld[13144:142044] Unlimited access to network resources
2014-10-27 15:10:17.407 HelloWorld[13144:142044] 

Started backup to iCloud! Please be careful.
Your application might rejected by Apple if you store too much data.
For more information please read "iOS Data Storage Guidelines"
You could find it at the following address https://developer.apple.com/icloud/documentation/data-storage/ .

2014-10-27 15:10:17.647 HelloWorld[13144:142044] Resetting plugins due to page load.
2014-10-27 15:10:17.745 HelloWorld[13144:142044] Finished load of: file:///Users/leethompson/Library/Developer/CoreSimulator/Devices/822ABE90-7513-4782-AE97-DA036953F522/data/Containers/Bundle/Application/E17AE346-AF05-40D9-85FB-BC24CE464D08/HelloWorld.app/www/index.html#/app/home
2014-10-27 15:13:37.058 HelloWorld[13531:143999] Multi-tasking -> Device: YES, App: YES
2014-10-27 15:13:37.063 HelloWorld[13531:143999] Unlimited access to network resources
2014-10-27 15:13:37.065 HelloWorld[13531:143999] 

Started backup to iCloud! Please be careful.
Your application might rejected by Apple if you store too much data.
For more information please read "iOS Data Storage Guidelines"
You could find it at the following address https://developer.apple.com/icloud/documentation/data-storage/ .

2014-10-27 15:13:37.296 HelloWorld[13531:143999] Resetting plugins due to page load.
2014-10-27 15:13:39.998 HelloWorld[13531:143999] Finished load of: file:///Users/leethompson/Library/Developer/CoreSimulator/Devices/822ABE90-7513-4782-AE97-DA036953F522/data/Containers/Bundle/Application/C67ABE8C-FA0C-445C-B932-82B16112B415/HelloWorld.app/www/index.html#/app/home
2014-10-27 15:15:52.491 HelloWorld[13917:145258] Multi-tasking -> Device: YES, App: YES
2014-10-27 15:15:52.496 HelloWorld[13917:145258] Unlimited access to network resources
2014-10-27 15:15:52.498 HelloWorld[13917:145258] 

Started backup to iCloud! Please be careful.
Your application might rejected by Apple if you store too much data.
For more information please read "iOS Data Storage Guidelines"
You could find it at the following address https://developer.apple.com/icloud/documentation/data-storage/ .

2014-10-27 15:15:52.693 HelloWorld[13917:145258] Resetting plugins due to page load.
2014-10-27 15:15:52.827 HelloWorld[13917:145258] Finished load of: file:///Users/leethompson/Library/Developer/CoreSimulator/Devices/822ABE90-7513-4782-AE97-DA036953F522/data/Containers/Bundle/Application/C44D4AB7-1E3A-4689-A19C-1211D4BA78C2/HelloWorld.app/www/index.html#/app/home
2014-10-27 15:20:10.902 HelloWorld[14307:147368] Multi-tasking -> Device: YES, App: YES
2014-10-27 15:20:10.907 HelloWorld[14307:147368] Unlimited access to network resources
2014-10-27 15:20:10.910 HelloWorld[14307:147368] 

Started backup to iCloud! Please be careful.
Your application might rejected by Apple if you store too much data.
For more information please read "iOS Data Storage Guidelines"
You could find it at the following address https://developer.apple.com/icloud/documentation/data-storage/ .

2014-10-27 15:20:11.145 HelloWorld[14307:147368] Resetting plugins due to page load.
2014-10-27 15:20:13.176 HelloWorld[14307:147368] Finished load of: file:///Users/leethompson/Library/Developer/CoreSimulator/Devices/822ABE90-7513-4782-AE97-DA036953F522/data/Containers/Bundle/Application/68EAFC6A-4306-46E1-B265-4BA7E2B0591B/HelloWorld.app/www/index.html#/app/home
2014-10-27 15:20:38.534 HelloWorld[14688:148275] Multi-tasking -> Device: YES, App: YES
2014-10-27 15:20:38.538 HelloWorld[14688:148275] Unlimited access to network resources
2014-10-27 15:20:38.540 HelloWorld[14688:148275] 

Started backup to iCloud! Please be careful.
Your application might rejected by Apple if you store too much data.
For more information please read "iOS Data Storage Guidelines"
You could find it at the following address https://developer.apple.com/icloud/documentation/data-storage/ .

2014-10-27 15:20:38.779 HelloWorld[14688:148275] Resetting plugins due to page load.
2014-10-27 15:20:45.003 HelloWorld[14688:148275] Finished load of: file:///Users/leethompson/Library/Developer/CoreSimulator/Devices/822ABE90-7513-4782-AE97-DA036953F522/data/Containers/Bundle/Application/78645C09-7D4D-4F3A-A54E-6651C7A5548D/HelloWorld.app/www/index.html#/app/home
2014-10-27 15:21:56.536 HelloWorld[15072:149383] Multi-tasking -> Device: YES, App: YES
2014-10-27 15:21:56.541 HelloWorld[15072:149383] Unlimited access to network resources
2014-10-27 15:21:56.543 HelloWorld[15072:149383] 

Started backup to iCloud! Please be careful.
Your application might rejected by Apple if you store too much data.
For more information please read "iOS Data Storage Guidelines"
You could find it at the following address https://developer.apple.com/icloud/documentation/data-storage/ .

2014-10-27 15:21:56.740 HelloWorld[15072:149383] Resetting plugins due to page load.
2014-10-27 15:21:59.592 HelloWorld[15072:149383] Finished load of: file:///Users/leethompson/Library/Developer/CoreSimulator/Devices/822ABE90-7513-4782-AE97-DA036953F522/data/Containers/Bundle/Application/92A251C8-1403-41BF-B789-A11D8A5BBB4F/HelloWorld.app/www/index.html#/app/home
2014-10-27 15:27:09.901 HelloWorld[15471:151871] Multi-tasking -> Device: YES, App: YES
2014-10-27 15:27:09.906 HelloWorld[15471:151871] Unlimited access to network resources
2014-10-27 15:27:09.908 HelloWorld[15471:151871] 

Started backup to iCloud! Please be careful.
Your application might rejected by Apple if you store too much data.
For more information please read "iOS Data Storage Guidelines"
You could find it at the following address https://developer.apple.com/icloud/documentation/data-storage/ .

2014-10-27 15:27:10.142 HelloWorld[15471:151871] Resetting plugins due to page load.
2014-10-27 15:27:10.254 HelloWorld[15471:151871] Finished load of: file:///Users/leethompson/Library/Developer/CoreSimulator/Devices/822ABE90-7513-4782-AE97-DA036953F522/data/Containers/Bundle/Application/13C16862-2E73-4D2C-8081-1601E2E44CAF/HelloWorld.app/www/index.html#/app/home
2014-10-27 15:27:47.763 HelloWorld[15850:152728] Multi-tasking -> Device: YES, App: YES
2014-10-27 15:27:47.769 HelloWorld[15850:152728] Unlimited access to network resources
2014-10-27 15:27:47.771 HelloWorld[15850:152728] 

Started backup to iCloud! Please be careful.
Your application might rejected by Apple if you store too much data.
For more information please read "iOS Data Storage Guidelines"
You could find it at the following address https://developer.apple.com/icloud/documentation/data-storage/ .

2014-10-27 15:27:48.010 HelloWorld[15850:152728] Resetting plugins due to page load.
2014-10-27 15:27:48.085 HelloWorld[15850:152728] Finished load of: file:///Users/leethompson/Library/Developer/CoreSimulator/Devices/822ABE90-7513-4782-AE97-DA036953F522/data/Containers/Bundle/Application/3B500265-CFC9-4F6B-8427-DE600D016F7C/HelloWorld.app/www/index.html#/app/home
2014-10-27 15:28:15.330 HelloWorld[16228:153440] Multi-tasking -> Device: YES, App: YES
2014-10-27 15:28:15.336 HelloWorld[16228:153440] Unlimited access to network resources
2014-10-27 15:28:15.339 HelloWorld[16228:153440] 

Started backup to iCloud! Please be careful.
Your application might rejected by Apple if you store too much data.
For more information please read "iOS Data Storage Guidelines"
You could find it at the following address https://developer.apple.com/icloud/documentation/data-storage/ .

2014-10-27 15:28:15.574 HelloWorld[16228:153440] Resetting plugins due to page load.
2014-10-27 15:28:15.649 HelloWorld[16228:153440] Finished load of: file:///Users/leethompson/Library/Developer/CoreSimulator/Devices/822ABE90-7513-4782-AE97-DA036953F522/data/Containers/Bundle/Application/B2227391-2276-4BE1-92DD-F961437EC463/HelloWorld.app/www/index.html#/app/home
2014-10-27 15:28:33.122 HelloWorld[16606:154227] Multi-tasking -> Device: YES, App: YES
2014-10-27 15:28:33.126 HelloWorld[16606:154227] Unlimited access to network resources
2014-10-27 15:28:33.130 HelloWorld[16606:154227] 

Started backup to iCloud! Please be careful.
Your application might rejected by Apple if you store too much data.
For more information please read "iOS Data Storage Guidelines"
You could find it at the following address https://developer.apple.com/icloud/documentation/data-storage/ .

2014-10-27 15:28:33.369 HelloWorld[16606:154227] Resetting plugins due to page load.
2014-10-27 15:28:36.930 HelloWorld[16606:154227] Finished load of: file:///Users/leethompson/Library/Developer/CoreSimulator/Devices/822ABE90-7513-4782-AE97-DA036953F522/data/Containers/Bundle/Application/377A1900-269B-4904-9FEF-9E7936EAF5E7/HelloWorld.app/www/index.html#/app/home
2014-10-27 15:32:05.863 HelloWorld[17009:156345] Multi-tasking -> Device: YES, App: YES
2014-10-27 15:32:05.868 HelloWorld[17009:156345] Unlimited access to network resources
2014-10-27 15:32:05.871 HelloWorld[17009:156345] 

Started backup to iCloud! Please be careful.
Your application might rejected by Apple if you store too much data.
For more information please read "iOS Data Storage Guidelines"
You could find it at the following address https://developer.apple.com/icloud/documentation/data-storage/ .

2014-10-27 15:32:06.109 HelloWorld[17009:156345] Resetting plugins due to page load.
2014-10-27 15:35:35.426 HelloWorld[17404:158260] Multi-tasking -> Device: YES, App: YES
2014-10-27 15:35:35.430 HelloWorld[17404:158260] Unlimited access to network resources
2014-10-27 15:35:35.433 HelloWorld[17404:158260] 

Started backup to iCloud! Please be careful.
Your application might rejected by Apple if you store too much data.
For more information please read "iOS Data Storage Guidelines"
You could find it at the following address https://developer.apple.com/icloud/documentation/data-storage/ .

2014-10-27 15:35:35.635 HelloWorld[17404:158260] Resetting plugins due to page load.
2014-10-27 15:35:38.631 HelloWorld[17404:158260] Finished load of: file:///Users/leethompson/Library/Developer/CoreSimulator/Devices/822ABE90-7513-4782-AE97-DA036953F522/data/Containers/Bundle/Application/9FFEC61B-C27E-4381-9597-CAB6942CD57F/HelloWorld.app/www/index.html#/app/home
2014-10-27 15:37:38.648 HelloWorld[17787:159571] Multi-tasking -> Device: YES, App: YES
2014-10-27 15:37:38.653 HelloWorld[17787:159571] Unlimited access to network resources
2014-10-27 15:37:38.655 HelloWorld[17787:159571] 

Started backup to iCloud! Please be careful.
Your application might rejected by Apple if you store too much data.
For more information please read "iOS Data Storage Guidelines"
You could find it at the following address https://developer.apple.com/icloud/documentation/data-storage/ .

2014-10-27 15:37:38.848 HelloWorld[17787:159571] Resetting plugins due to page load.
2014-10-27 15:37:38.922 HelloWorld[17787:159571] Finished load of: file:///Users/leethompson/Library/Developer/CoreSimulator/Devices/822ABE90-7513-4782-AE97-DA036953F522/data/Containers/Bundle/Application/F141B34E-5992-4234-A729-F7F46877ABCB/HelloWorld.app/www/index.html#/app/home
2014-10-27 15:52:18.769 HelloWorld[18197:164803] Multi-tasking -> Device: YES, App: YES
2014-10-27 15:52:18.775 HelloWorld[18197:164803] Unlimited access to network resources
2014-10-27 15:52:18.777 HelloWorld[18197:164803] 

Started backup to iCloud! Please be careful.
Your application might rejected by Apple if you store too much data.
For more information please read "iOS Data Storage Guidelines"
You could find it at the following address https://developer.apple.com/icloud/documentation/data-storage/ .

2014-10-27 15:52:19.010 HelloWorld[18197:164803] Resetting plugins due to page load.
2014-10-27 15:52:19.073 HelloWorld[18197:164803] Finished load of: file:///Users/leethompson/Library/Developer/CoreSimulator/Devices/822ABE90-7513-4782-AE97-DA036953F522/data/Containers/Bundle/Application/20E3E293-DB0E-4046-A851-A8A987C1EF4B/HelloWorld.app/www/index.html
2014-10-27 15:54:59.266 HelloWorld[18581:166383] Multi-tasking -> Device: YES, App: YES
2014-10-27 15:54:59.271 HelloWorld[18581:166383] Unlimited access to network resources
2014-10-27 15:54:59.273 HelloWorld[18581:166383] 

Started backup to iCloud! Please be careful.
Your application might rejected by Apple if you store too much data.
For more information please read "iOS Data Storage Guidelines"
You could find it at the following address https://developer.apple.com/icloud/documentation/data-storage/ .

2014-10-27 15:54:59.467 HelloWorld[18581:166383] Resetting plugins due to page load.
2014-10-27 15:54:59.532 HelloWorld[18581:166383] Finished load of: file:///Users/leethompson/Library/Developer/CoreSimulator/Devices/822ABE90-7513-4782-AE97-DA036953F522/data/Containers/Bundle/Application/28F0B8BE-B1BC-48A5-85F7-97B50EE5EEE3/HelloWorld.app/www/index.html
2014-10-27 15:55:17.734 HelloWorld[18960:167122] Multi-tasking -> Device: YES, App: YES
2014-10-27 15:55:17.739 HelloWorld[18960:167122] Unlimited access to network resources
2014-10-27 15:55:17.741 HelloWorld[18960:167122] 

Started backup to iCloud! Please be careful.
Your application might rejected by Apple if you store too much data.
For more information please read "iOS Data Storage Guidelines"
You could find it at the following address https://developer.apple.com/icloud/documentation/data-storage/ .

2014-10-27 15:55:17.935 HelloWorld[18960:167122] Resetting plugins due to page load.
2014-10-27 15:55:18.012 HelloWorld[18960:167122] Finished load of: file:///Users/leethompson/Library/Developer/CoreSimulator/Devices/822ABE90-7513-4782-AE97-DA036953F522/data/Containers/Bundle/Application/080CD74D-BCE7-430A-914A-FF98EB3BCB38/HelloWorld.app/www/index.html#/app/home
2014-10-27 15:55:48.937 HelloWorld[19339:168009] Multi-tasking -> Device: YES, App: YES
2014-10-27 15:55:48.942 HelloWorld[19339:168009] Unlimited access to network resources
2014-10-27 15:55:48.944 HelloWorld[19339:168009] 

Started backup to iCloud! Please be careful.
Your application might rejected by Apple if you store too much data.
For more information please read "iOS Data Storage Guidelines"
You could find it at the following address https://developer.apple.com/icloud/documentation/data-storage/ .

2014-10-27 15:55:49.181 HelloWorld[19339:168009] Resetting plugins due to page load.
2014-10-27 15:55:54.127 HelloWorld[19339:168009] Finished load of: file:///Users/leethompson/Library/Developer/CoreSimulator/Devices/822ABE90-7513-4782-AE97-DA036953F522/data/Containers/Bundle/Application/D0DDDD83-A8A9-4917-93E4-5407B4C7B0AD/HelloWorld.app/www/index.html#/app/home
2014-10-27 16:01:15.839 HelloWorld[19730:170202] Multi-tasking -> Device: YES, App: YES
2014-10-27 16:01:15.844 HelloWorld[19730:170202] Unlimited access to network resources
2014-10-27 16:01:15.846 HelloWorld[19730:170202] 

Started backup to iCloud! Please be careful.
Your application might rejected by Apple if you store too much data.
For more information please read "iOS Data Storage Guidelines"
You could find it at the following address https://developer.apple.com/icloud/documentation/data-storage/ .

2014-10-27 16:01:16.084 HelloWorld[19730:170202] Resetting plugins due to page load.
2014-10-27 16:01:16.160 HelloWorld[19730:170202] Finished load of: file:///Users/leethompson/Library/Developer/CoreSimulator/Devices/822ABE90-7513-4782-AE97-DA036953F522/data/Containers/Bundle/Application/0D0AD3E1-1A95-4374-8B6C-E6925ABCED5C/HelloWorld.app/www/index.html#/app/home
2014-10-27 16:03:10.136 HelloWorld[20112:171477] Multi-tasking -> Device: YES, App: YES
2014-10-27 16:03:10.141 HelloWorld[20112:171477] Unlimited access to network resources
2014-10-27 16:03:10.143 HelloWorld[20112:171477] 

Started backup to iCloud! Please be careful.
Your application might rejected by Apple if you store too much data.
For more information please read "iOS Data Storage Guidelines"
You could find it at the following address https://developer.apple.com/icloud/documentation/data-storage/ .

2014-10-27 16:03:10.338 HelloWorld[20112:171477] Resetting plugins due to page load.
2014-10-27 16:03:10.415 HelloWorld[20112:171477] Finished load of: file:///Users/leethompson/Library/Developer/CoreSimulator/Devices/822ABE90-7513-4782-AE97-DA036953F522/data/Containers/Bundle/Application/F95394F3-DA17-4D1D-8E43-D9D9FCB950A3/HelloWorld.app/www/index.html#/app/home
2014-10-27 16:04:49.225 HelloWorld[20499:172811] Multi-tasking -> Device: YES, App: YES
2014-10-27 16:04:49.230 HelloWorld[20499:172811] Unlimited access to network resources
2014-10-27 16:04:49.232 HelloWorld[20499:172811] 

Started backup to iCloud! Please be careful.
Your application might rejected by Apple if you store too much data.
For more information please read "iOS Data Storage Guidelines"
You could find it at the following address https://developer.apple.com/icloud/documentation/data-storage/ .

2014-10-27 16:04:49.470 HelloWorld[20499:172811] Resetting plugins due to page load.
2014-10-27 16:04:49.546 HelloWorld[20499:172811] Finished load of: file:///Users/leethompson/Library/Developer/CoreSimulator/Devices/822ABE90-7513-4782-AE97-DA036953F522/data/Containers/Bundle/Application/470A939E-267F-4541-BE28-07492ECF9003/HelloWorld.app/www/index.html#/app/home
2014-10-27 16:06:57.716 HelloWorld[20884:174159] Multi-tasking -> Device: YES, App: YES
2014-10-27 16:06:57.723 HelloWorld[20884:174159] Unlimited access to network resources
2014-10-27 16:06:57.725 HelloWorld[20884:174159] 

Started backup to iCloud! Please be careful.
Your application might rejected by Apple if you store too much data.
For more information please read "iOS Data Storage Guidelines"
You could find it at the following address https://developer.apple.com/icloud/documentation/data-storage/ .

2014-10-27 16:06:57.920 HelloWorld[20884:174159] Resetting plugins due to page load.
2014-10-27 16:06:57.997 HelloWorld[20884:174159] Finished load of: file:///Users/leethompson/Library/Developer/CoreSimulator/Devices/822ABE90-7513-4782-AE97-DA036953F522/data/Containers/Bundle/Application/43EF89FF-CA62-4EB0-B3DD-8DA04BFEDE3F/HelloWorld.app/www/index.html#/app/home
2014-10-27 16:07:20.423 HelloWorld[21262:174936] Multi-tasking -> Device: YES, App: YES
2014-10-27 16:07:20.428 HelloWorld[21262:174936] Unlimited access to network resources
2014-10-27 16:07:20.430 HelloWorld[21262:174936] 

Started backup to iCloud! Please be careful.
Your application might rejected by Apple if you store too much data.
For more information please read "iOS Data Storage Guidelines"
You could find it at the following address https://developer.apple.com/icloud/documentation/data-storage/ .

2014-10-27 16:07:20.665 HelloWorld[21262:174936] Resetting plugins due to page load.
2014-10-27 16:07:20.736 HelloWorld[21262:174936] Finished load of: file:///Users/leethompson/Library/Developer/CoreSimulator/Devices/822ABE90-7513-4782-AE97-DA036953F522/data/Containers/Bundle/Application/5663A466-5F41-46D4-8005-CB7E822C3A08/HelloWorld.app/www/index.html#/app/home
2014-10-27 16:11:30.705 HelloWorld[21647:176907] Multi-tasking -> Device: YES, App: YES
2014-10-27 16:11:30.709 HelloWorld[21647:176907] Unlimited access to network resources
2014-10-27 16:11:30.712 HelloWorld[21647:176907] 

Started backup to iCloud! Please be careful.
Your application might rejected by Apple if you store too much data.
For more information please read "iOS Data Storage Guidelines"
You could find it at the following address https://developer.apple.com/icloud/documentation/data-storage/ .

2014-10-27 16:11:30.906 HelloWorld[21647:176907] Resetting plugins due to page load.
2014-10-27 16:11:30.980 HelloWorld[21647:176907] Finished load of: file:///Users/leethompson/Library/Developer/CoreSimulator/Devices/822ABE90-7513-4782-AE97-DA036953F522/data/Containers/Bundle/Application/2343A1DE-A9E7-4223-BB69-CC418823387F/HelloWorld.app/www/index.html#/home/
2014-10-27 16:14:59.904 HelloWorld[22036:178672] Multi-tasking -> Device: YES, App: YES
2014-10-27 16:14:59.909 HelloWorld[22036:178672] Unlimited access to network resources
2014-10-27 16:14:59.911 HelloWorld[22036:178672] 

Started backup to iCloud! Please be careful.
Your application might rejected by Apple if you store too much data.
For more information please read "iOS Data Storage Guidelines"
You could find it at the following address https://developer.apple.com/icloud/documentation/data-storage/ .

2014-10-27 16:15:00.157 HelloWorld[22036:178672] Resetting plugins due to page load.
2014-10-27 16:15:00.218 HelloWorld[22036:178672] Finished load of: file:///Users/leethompson/Library/Developer/CoreSimulator/Devices/822ABE90-7513-4782-AE97-DA036953F522/data/Containers/Bundle/Application/3FDA48BB-BB78-43D3-BE27-C08AC35BF156/HelloWorld.app/www/index.html
2014-10-27 16:18:30.414 HelloWorld[22421:180645] Multi-tasking -> Device: YES, App: YES
2014-10-27 16:18:30.419 HelloWorld[22421:180645] Unlimited access to network resources
2014-10-27 16:18:30.421 HelloWorld[22421:180645] 

Started backup to iCloud! Please be careful.
Your application might rejected by Apple if you store too much data.
For more information please read "iOS Data Storage Guidelines"
You could find it at the following address https://developer.apple.com/icloud/documentation/data-storage/ .

2014-10-27 16:18:30.657 HelloWorld[22421:180645] Resetting plugins due to page load.
2014-10-27 16:18:30.729 HelloWorld[22421:180645] Finished load of: file:///Users/leethompson/Library/Developer/CoreSimulator/Devices/822ABE90-7513-4782-AE97-DA036953F522/data/Containers/Bundle/Application/9FEB200D-63B7-4ECE-A936-F5B86C7F37A5/HelloWorld.app/www/index.html#/app/home
2014-10-27 16:18:44.015 HelloWorld[22804:181427] Multi-tasking -> Device: YES, App: YES
2014-10-27 16:18:44.021 HelloWorld[22804:181427] Unlimited access to network resources
2014-10-27 16:18:44.023 HelloWorld[22804:181427] 

Started backup to iCloud! Please be careful.
Your application might rejected by Apple if you store too much data.
For more information please read "iOS Data Storage Guidelines"
You could find it at the following address https://developer.apple.com/icloud/documentation/data-storage/ .

2014-10-27 16:18:44.258 HelloWorld[22804:181427] Resetting plugins due to page load.
2014-10-27 16:18:49.927 HelloWorld[22804:181427] Finished load of: file:///Users/leethompson/Library/Developer/CoreSimulator/Devices/822ABE90-7513-4782-AE97-DA036953F522/data/Containers/Bundle/Application/F95C4626-BCFA-4949-9421-666ED8DF08CA/HelloWorld.app/www/index.html#/app/home
2014-10-27 16:20:53.628 HelloWorld[23191:182883] Multi-tasking -> Device: YES, App: YES
2014-10-27 16:20:53.633 HelloWorld[23191:182883] Unlimited access to network resources
2014-10-27 16:20:53.635 HelloWorld[23191:182883] 

Started backup to iCloud! Please be careful.
Your application might rejected by Apple if you store too much data.
For more information please read "iOS Data Storage Guidelines"
You could find it at the following address https://developer.apple.com/icloud/documentation/data-storage/ .

2014-10-27 16:20:53.862 HelloWorld[23191:182883] Resetting plugins due to page load.
2014-10-27 16:20:53.954 HelloWorld[23191:182883] Finished load of: file:///Users/leethompson/Library/Developer/CoreSimulator/Devices/822ABE90-7513-4782-AE97-DA036953F522/data/Containers/Bundle/Application/D834DEAB-0799-4272-A8B4-8D86151C1F16/HelloWorld.app/www/index.html#/app/home
2014-10-27 16:21:58.521 HelloWorld[23573:183886] Multi-tasking -> Device: YES, App: YES
2014-10-27 16:21:58.526 HelloWorld[23573:183886] Unlimited access to network resources
2014-10-27 16:21:58.528 HelloWorld[23573:183886] 

Started backup to iCloud! Please be careful.
Your application might rejected by Apple if you store too much data.
For more information please read "iOS Data Storage Guidelines"
You could find it at the following address https://developer.apple.com/icloud/documentation/data-storage/ .

2014-10-27 16:21:58.761 HelloWorld[23573:183886] Resetting plugins due to page load.
2014-10-27 16:21:58.834 HelloWorld[23573:183886] Finished load of: file:///Users/leethompson/Library/Developer/CoreSimulator/Devices/822ABE90-7513-4782-AE97-DA036953F522/data/Containers/Bundle/Application/7053DF65-916A-42ED-A919-32249A70C55E/HelloWorld.app/www/index.html#/app/home
2014-10-27 16:23:07.768 HelloWorld[23951:184810] Multi-tasking -> Device: YES, App: YES
2014-10-27 16:23:07.773 HelloWorld[23951:184810] Unlimited access to network resources
2014-10-27 16:23:07.776 HelloWorld[23951:184810] 

Started backup to iCloud! Please be careful.
Your application might rejected by Apple if you store too much data.
For more information please read "iOS Data Storage Guidelines"
You could find it at the following address https://developer.apple.com/icloud/documentation/data-storage/ .

2014-10-27 16:23:08.008 HelloWorld[23951:184810] Resetting plugins due to page load.
2014-10-27 16:23:08.081 HelloWorld[23951:184810] Finished load of: file:///Users/leethompson/Library/Developer/CoreSimulator/Devices/822ABE90-7513-4782-AE97-DA036953F522/data/Containers/Bundle/Application/8A8B2E31-DDAA-43E9-90D2-72D7F7D50310/HelloWorld.app/www/index.html#/app/home
2014-10-27 16:26:41.781 HelloWorld[24341:186883] Multi-tasking -> Device: YES, App: YES
2014-10-27 16:26:41.786 HelloWorld[24341:186883] Unlimited access to network resources
2014-10-27 16:26:41.788 HelloWorld[24341:186883] 

Started backup to iCloud! Please be careful.
Your application might rejected by Apple if you store too much data.
For more information please read "iOS Data Storage Guidelines"
You could find it at the following address https://developer.apple.com/icloud/documentation/data-storage/ .

2014-10-27 16:26:41.979 HelloWorld[24341:186883] Resetting plugins due to page load.
2014-10-27 16:26:42.056 HelloWorld[24341:186883] Finished load of: file:///Users/leethompson/Library/Developer/CoreSimulator/Devices/822ABE90-7513-4782-AE97-DA036953F522/data/Containers/Bundle/Application/5F0F506C-90C8-4F91-BFA9-406EFFBEC037/HelloWorld.app/www/index.html#/app/home
2014-10-27 16:27:13.444 HelloWorld[24730:187846] Multi-tasking -> Device: YES, App: YES
2014-10-27 16:27:13.448 HelloWorld[24730:187846] Unlimited access to network resources
2014-10-27 16:27:13.450 HelloWorld[24730:187846] 

Started backup to iCloud! Please be careful.
Your application might rejected by Apple if you store too much data.
For more information please read "iOS Data Storage Guidelines"
You could find it at the following address https://developer.apple.com/icloud/documentation/data-storage/ .

2014-10-27 16:27:13.726 HelloWorld[24730:187846] Resetting plugins due to page load.
2014-10-27 16:27:13.800 HelloWorld[24730:187846] Finished load of: file:///Users/leethompson/Library/Developer/CoreSimulator/Devices/822ABE90-7513-4782-AE97-DA036953F522/data/Containers/Bundle/Application/55B36264-0DB8-4A66-86B7-FCA7223BAB41/HelloWorld.app/www/index.html#/app/home
2014-10-27 16:28:34.905 HelloWorld[25116:188962] Multi-tasking -> Device: YES, App: YES
2014-10-27 16:28:34.910 HelloWorld[25116:188962] Unlimited access to network resources
2014-10-27 16:28:34.912 HelloWorld[25116:188962] 

Started backup to iCloud! Please be careful.
Your application might rejected by Apple if you store too much data.
For more information please read "iOS Data Storage Guidelines"
You could find it at the following address https://developer.apple.com/icloud/documentation/data-storage/ .

2014-10-27 16:28:35.105 HelloWorld[25116:188962] Resetting plugins due to page load.
2014-10-27 16:28:35.183 HelloWorld[25116:188962] Finished load of: file:///Users/leethompson/Library/Developer/CoreSimulator/Devices/822ABE90-7513-4782-AE97-DA036953F522/data/Containers/Bundle/Application/DCD3F8B0-98B1-4E46-A029-17D973AEB842/HelloWorld.app/www/index.html#/app/home
2014-10-27 16:29:19.102 HelloWorld[25494:189851] Multi-tasking -> Device: YES, App: YES
2014-10-27 16:29:19.106 HelloWorld[25494:189851] Unlimited access to network resources
2014-10-27 16:29:19.108 HelloWorld[25494:189851] 

Started backup to iCloud! Please be careful.
Your application might rejected by Apple if you store too much data.
For more information please read "iOS Data Storage Guidelines"
You could find it at the following address https://developer.apple.com/icloud/documentation/data-storage/ .

2014-10-27 16:29:19.389 HelloWorld[25494:189851] Resetting plugins due to page load.
2014-10-27 16:29:19.471 HelloWorld[25494:189851] Finished load of: file:///Users/leethompson/Library/Developer/CoreSimulator/Devices/822ABE90-7513-4782-AE97-DA036953F522/data/Containers/Bundle/Application/69246174-D9DB-4276-A843-14A086E5B9A2/HelloWorld.app/www/index.html#/app/home
2014-10-27 16:39:07.793 HelloWorld[25941:194821] Multi-tasking -> Device: YES, App: YES
2014-10-27 16:39:07.799 HelloWorld[25941:194821] Unlimited access to network resources
2014-10-27 16:39:07.801 HelloWorld[25941:194821] 

Started backup to iCloud! Please be careful.
Your application might rejected by Apple if you store too much data.
For more information please read "iOS Data Storage Guidelines"
You could find it at the following address https://developer.apple.com/icloud/documentation/data-storage/ .

2014-10-27 16:39:08.068 HelloWorld[25941:194821] Resetting plugins due to page load.
2014-10-27 16:39:08.158 HelloWorld[25941:194821] Finished load of: file:///Users/leethompson/Library/Developer/CoreSimulator/Devices/822ABE90-7513-4782-AE97-DA036953F522/data/Containers/Bundle/Application/C0E8C254-FE23-4005-AEE9-AA49606B4262/HelloWorld.app/www/index.html#/app/home
2014-10-27 16:43:34.131 HelloWorld[26334:197633] Multi-tasking -> Device: YES, App: YES
2014-10-27 16:43:34.136 HelloWorld[26334:197633] Unlimited access to network resources
2014-10-27 16:43:34.138 HelloWorld[26334:197633] 

Started backup to iCloud! Please be careful.
Your application might rejected by Apple if you store too much data.
For more information please read "iOS Data Storage Guidelines"
You could find it at the following address https://developer.apple.com/icloud/documentation/data-storage/ .

2014-10-27 16:43:34.397 HelloWorld[26334:197633] Resetting plugins due to page load.
2014-10-27 16:43:34.467 HelloWorld[26334:197633] Finished load of: file:///Users/leethompson/Library/Developer/CoreSimulator/Devices/822ABE90-7513-4782-AE97-DA036953F522/data/Containers/Bundle/Application/384E9F94-8835-4776-A787-CA6F0417DF32/HelloWorld.app/www/index.html#/app/home
2014-10-27 16:44:06.970 HelloWorld[26888:198732] Multi-tasking -> Device: YES, App: YES
2014-10-27 16:44:06.975 HelloWorld[26888:198732] Unlimited access to network resources
2014-10-27 16:44:06.977 HelloWorld[26888:198732] 

Started backup to iCloud! Please be careful.
Your application might rejected by Apple if you store too much data.
For more information please read "iOS Data Storage Guidelines"
You could find it at the following address https://developer.apple.com/icloud/documentation/data-storage/ .

2014-10-27 16:44:07.170 HelloWorld[26888:198732] Resetting plugins due to page load.
2014-10-27 16:44:07.244 HelloWorld[26888:198732] Finished load of: file:///Users/leethompson/Library/Developer/CoreSimulator/Devices/822ABE90-7513-4782-AE97-DA036953F522/data/Containers/Bundle/Application/2C9F2DC5-48B3-4496-A0C5-FF32D8DB3487/HelloWorld.app/www/index.html#/app/home
2014-10-27 16:47:36.685 HelloWorld[27280:200710] Multi-tasking -> Device: YES, App: YES
2014-10-27 16:47:36.691 HelloWorld[27280:200710] Unlimited access to network resources
2014-10-27 16:47:36.694 HelloWorld[27280:200710] 

Started backup to iCloud! Please be careful.
Your application might rejected by Apple if you store too much data.
For more information please read "iOS Data Storage Guidelines"
You could find it at the following address https://developer.apple.com/icloud/documentation/data-storage/ .

2014-10-27 16:47:36.923 HelloWorld[27280:200710] Resetting plugins due to page load.
2014-10-27 16:47:36.996 HelloWorld[27280:200710] Finished load of: file:///Users/leethompson/Library/Developer/CoreSimulator/Devices/822ABE90-7513-4782-AE97-DA036953F522/data/Containers/Bundle/Application/A873D8D3-3F8D-4E8D-90D7-8CE6EE8AE37F/HelloWorld.app/www/index.html#/app/home
2014-10-27 16:51:54.002 HelloWorld[27677:202992] Multi-tasking -> Device: YES, App: YES
2014-10-27 16:51:54.008 HelloWorld[27677:202992] Unlimited access to network resources
2014-10-27 16:51:54.010 HelloWorld[27677:202992] 

Started backup to iCloud! Please be careful.
Your application might rejected by Apple if you store too much data.
For more information please read "iOS Data Storage Guidelines"
You could find it at the following address https://developer.apple.com/icloud/documentation/data-storage/ .

2014-10-27 16:51:54.243 HelloWorld[27677:202992] Resetting plugins due to page load.
2014-10-27 16:51:54.317 HelloWorld[27677:202992] Finished load of: file:///Users/leethompson/Library/Developer/CoreSimulator/Devices/822ABE90-7513-4782-AE97-DA036953F522/data/Containers/Bundle/Application/37EAF7E5-12EA-43FA-BEE0-A7FA81AF18E7/HelloWorld.app/www/index.html#/app/home
2014-10-27 16:52:52.183 HelloWorld[28055:203978] Multi-tasking -> Device: YES, App: YES
2014-10-27 16:52:52.188 HelloWorld[28055:203978] Unlimited access to network resources
2014-10-27 16:52:52.190 HelloWorld[28055:203978] 

Started backup to iCloud! Please be careful.
Your application might rejected by Apple if you store too much data.
For more information please read "iOS Data Storage Guidelines"
You could find it at the following address https://developer.apple.com/icloud/documentation/data-storage/ .

2014-10-27 16:52:52.433 HelloWorld[28055:203978] Resetting plugins due to page load.
2014-10-27 16:52:52.530 HelloWorld[28055:203978] Finished load of: file:///Users/leethompson/Library/Developer/CoreSimulator/Devices/822ABE90-7513-4782-AE97-DA036953F522/data/Containers/Bundle/Application/53E1BD7F-BDE4-4C75-A24F-E9AA86E9198A/HelloWorld.app/www/index.html#/app/home
2014-10-27 16:53:40.986 HelloWorld[28432:204887] Multi-tasking -> Device: YES, App: YES
2014-10-27 16:53:40.991 HelloWorld[28432:204887] Unlimited access to network resources
2014-10-27 16:53:40.993 HelloWorld[28432:204887] 

Started backup to iCloud! Please be careful.
Your application might rejected by Apple if you store too much data.
For more information please read "iOS Data Storage Guidelines"
You could find it at the following address https://developer.apple.com/icloud/documentation/data-storage/ .

2014-10-27 16:53:41.245 HelloWorld[28432:204887] Resetting plugins due to page load.
2014-10-27 16:53:41.320 HelloWorld[28432:204887] Finished load of: file:///Users/leethompson/Library/Developer/CoreSimulator/Devices/822ABE90-7513-4782-AE97-DA036953F522/data/Containers/Bundle/Application/ADFB6916-50A6-4F7B-8282-0A5E5B84A1A7/HelloWorld.app/www/index.html#/app/home
2014-10-27 17:02:06.362 HelloWorld[28838:208737] Multi-tasking -> Device: YES, App: YES
2014-10-27 17:02:06.367 HelloWorld[28838:208737] Unlimited access to network resources
2014-10-27 17:02:06.369 HelloWorld[28838:208737] 

Started backup to iCloud! Please be careful.
Your application might rejected by Apple if you store too much data.
For more information please read "iOS Data Storage Guidelines"
You could find it at the following address https://developer.apple.com/icloud/documentation/data-storage/ .

2014-10-27 17:02:06.670 HelloWorld[28838:208737] Resetting plugins due to page load.
2014-10-27 17:02:06.759 HelloWorld[28838:208737] Finished load of: file:///Users/leethompson/Library/Developer/CoreSimulator/Devices/822ABE90-7513-4782-AE97-DA036953F522/data/Containers/Bundle/Application/A87F2763-9E63-429C-91BF-89BACDB37B71/HelloWorld.app/www/index.html#/app/home
2014-10-27 17:02:49.576 HelloWorld[29219:209717] Multi-tasking -> Device: YES, App: YES
2014-10-27 17:02:49.581 HelloWorld[29219:209717] Unlimited access to network resources
2014-10-27 17:02:49.583 HelloWorld[29219:209717] 

Started backup to iCloud! Please be careful.
Your application might rejected by Apple if you store too much data.
For more information please read "iOS Data Storage Guidelines"
You could find it at the following address https://developer.apple.com/icloud/documentation/data-storage/ .

2014-10-27 17:02:49.827 HelloWorld[29219:209717] Resetting plugins due to page load.
2014-10-27 17:02:49.903 HelloWorld[29219:209717] Finished load of: file:///Users/leethompson/Library/Developer/CoreSimulator/Devices/822ABE90-7513-4782-AE97-DA036953F522/data/Containers/Bundle/Application/E535C74E-FD00-4634-AD7E-BEC4F7A79848/HelloWorld.app/www/index.html#/app/home
2014-10-27 17:07:28.869 HelloWorld[29612:212261] Multi-tasking -> Device: YES, App: YES
2014-10-27 17:07:28.875 HelloWorld[29612:212261] Unlimited access to network resources
2014-10-27 17:07:28.877 HelloWorld[29612:212261] 

Started backup to iCloud! Please be careful.
Your application might rejected by Apple if you store too much data.
For more information please read "iOS Data Storage Guidelines"
You could find it at the following address https://developer.apple.com/icloud/documentation/data-storage/ .

2014-10-27 17:07:29.130 HelloWorld[29612:212261] Resetting plugins due to page load.
2014-10-27 17:07:29.218 HelloWorld[29612:212261] Finished load of: file:///Users/leethompson/Library/Developer/CoreSimulator/Devices/822ABE90-7513-4782-AE97-DA036953F522/data/Containers/Bundle/Application/E8744B8A-E107-4B41-81C0-BE96AF2767A4/HelloWorld.app/www/index.html
2014-10-27 17:15:53.807 HelloWorld[30019:216242] Multi-tasking -> Device: YES, App: YES
2014-10-27 17:15:53.812 HelloWorld[30019:216242] Unlimited access to network resources
2014-10-27 17:15:53.814 HelloWorld[30019:216242] 

Started backup to iCloud! Please be careful.
Your application might rejected by Apple if you store too much data.
For more information please read "iOS Data Storage Guidelines"
You could find it at the following address https://developer.apple.com/icloud/documentation/data-storage/ .

2014-10-27 17:15:54.007 HelloWorld[30019:216242] Resetting plugins due to page load.
2014-10-27 17:15:54.092 HelloWorld[30019:216242] Finished load of: file:///Users/leethompson/Library/Developer/CoreSimulator/Devices/822ABE90-7513-4782-AE97-DA036953F522/data/Containers/Bundle/Application/58262E46-EB4C-4EF3-B9C3-1787E854E1CB/HelloWorld.app/www/index.html#/app/home
2014-10-27 17:16:37.876 HelloWorld[30401:217268] Multi-tasking -> Device: YES, App: YES
2014-10-27 17:16:37.881 HelloWorld[30401:217268] Unlimited access to network resources
2014-10-27 17:16:37.883 HelloWorld[30401:217268] 

Started backup to iCloud! Please be careful.
Your application might rejected by Apple if you store too much data.
For more information please read "iOS Data Storage Guidelines"
You could find it at the following address https://developer.apple.com/icloud/documentation/data-storage/ .

2014-10-27 17:16:38.076 HelloWorld[30401:217268] Resetting plugins due to page load.
2014-10-27 17:16:38.151 HelloWorld[30401:217268] Finished load of: file:///Users/leethompson/Library/Developer/CoreSimulator/Devices/822ABE90-7513-4782-AE97-DA036953F522/data/Containers/Bundle/Application/DF6A32C4-D42C-49E4-981C-089C12AB7FC6/HelloWorld.app/www/index.html#/app/home
2014-10-27 17:19:04.441 HelloWorld[30786:218810] Multi-tasking -> Device: YES, App: YES
2014-10-27 17:19:04.446 HelloWorld[30786:218810] Unlimited access to network resources
2014-10-27 17:19:04.448 HelloWorld[30786:218810] 

Started backup to iCloud! Please be careful.
Your application might rejected by Apple if you store too much data.
For more information please read "iOS Data Storage Guidelines"
You could find it at the following address https://developer.apple.com/icloud/documentation/data-storage/ .

2014-10-27 17:19:04.644 HelloWorld[30786:218810] Resetting plugins due to page load.
2014-10-27 17:19:04.720 HelloWorld[30786:218810] Finished load of: file:///Users/leethompson/Library/Developer/CoreSimulator/Devices/822ABE90-7513-4782-AE97-DA036953F522/data/Containers/Bundle/Application/88BBDFA8-769E-4216-A64C-3612E4124F5C/HelloWorld.app/www/index.html#/app/home
2014-10-27 17:24:57.605 HelloWorld[31396:222069] Multi-tasking -> Device: YES, App: YES
2014-10-27 17:24:57.610 HelloWorld[31396:222069] Unlimited access to network resources
2014-10-27 17:24:57.612 HelloWorld[31396:222069] 

Started backup to iCloud! Please be careful.
Your application might rejected by Apple if you store too much data.
For more information please read "iOS Data Storage Guidelines"
You could find it at the following address https://developer.apple.com/icloud/documentation/data-storage/ .

2014-10-27 17:24:57.813 HelloWorld[31396:222069] Resetting plugins due to page load.
2014-10-27 17:24:57.887 HelloWorld[31396:222069] Finished load of: file:///Users/leethompson/Library/Developer/CoreSimulator/Devices/822ABE90-7513-4782-AE97-DA036953F522/data/Containers/Bundle/Application/3178A022-DB4D-47C9-822C-273C568CE8D2/HelloWorld.app/www/index.html#/app/home
2014-10-27 17:27:56.576 HelloWorld[31787:223932] Multi-tasking -> Device: YES, App: YES
2014-10-27 17:27:56.581 HelloWorld[31787:223932] Unlimited access to network resources
2014-10-27 17:27:56.583 HelloWorld[31787:223932] 

Started backup to iCloud! Please be careful.
Your application might rejected by Apple if you store too much data.
For more information please read "iOS Data Storage Guidelines"
You could find it at the following address https://developer.apple.com/icloud/documentation/data-storage/ .

2014-10-27 17:27:56.776 HelloWorld[31787:223932] Resetting plugins due to page load.
2014-10-27 17:27:56.852 HelloWorld[31787:223932] Finished load of: file:///Users/leethompson/Library/Developer/CoreSimulator/Devices/822ABE90-7513-4782-AE97-DA036953F522/data/Containers/Bundle/Application/5C52B6CE-7D8D-462D-9646-10E21C6564F6/HelloWorld.app/www/index.html#/app/home
2014-10-27 17:28:29.557 HelloWorld[32165:224855] Multi-tasking -> Device: YES, App: YES
2014-10-27 17:28:29.562 HelloWorld[32165:224855] Unlimited access to network resources
2014-10-27 17:28:29.564 HelloWorld[32165:224855] 

Started backup to iCloud! Please be careful.
Your application might rejected by Apple if you store too much data.
For more information please read "iOS Data Storage Guidelines"
You could find it at the following address https://developer.apple.com/icloud/documentation/data-storage/ .

2014-10-27 17:28:29.755 HelloWorld[32165:224855] Resetting plugins due to page load.
2014-10-27 17:28:29.828 HelloWorld[32165:224855] Finished load of: file:///Users/leethompson/Library/Developer/CoreSimulator/Devices/822ABE90-7513-4782-AE97-DA036953F522/data/Containers/Bundle/Application/35B35505-4F45-417E-B103-E259AD0EBCA0/HelloWorld.app/www/index.html
2014-10-27 17:28:49.942 HelloWorld[32542:225586] Multi-tasking -> Device: YES, App: YES
2014-10-27 17:28:49.947 HelloWorld[32542:225586] Unlimited access to network resources
2014-10-27 17:28:49.949 HelloWorld[32542:225586] 

Started backup to iCloud! Please be careful.
Your application might rejected by Apple if you store too much data.
For more information please read "iOS Data Storage Guidelines"
You could find it at the following address https://developer.apple.com/icloud/documentation/data-storage/ .

2014-10-27 17:28:50.141 HelloWorld[32542:225586] Resetting plugins due to page load.
2014-10-27 17:28:50.213 HelloWorld[32542:225586] Finished load of: file:///Users/leethompson/Library/Developer/CoreSimulator/Devices/822ABE90-7513-4782-AE97-DA036953F522/data/Containers/Bundle/Application/7ACF3B2F-050A-4DFC-9A93-AEC7F91AE9D3/HelloWorld.app/www/index.html
2014-10-28 09:03:49.422 HelloWorld[33107:237654] Multi-tasking -> Device: YES, App: YES
2014-10-28 09:03:49.438 HelloWorld[33107:237654] Unlimited access to network resources
2014-10-28 09:03:49.441 HelloWorld[33107:237654] 

Started backup to iCloud! Please be careful.
Your application might rejected by Apple if you store too much data.
For more information please read "iOS Data Storage Guidelines"
You could find it at the following address https://developer.apple.com/icloud/documentation/data-storage/ .

2014-10-28 09:03:49.785 HelloWorld[33107:237654] Resetting plugins due to page load.
2014-10-28 09:03:49.873 HelloWorld[33107:237654] Finished load of: file:///Users/leethompson/Library/Developer/CoreSimulator/Devices/822ABE90-7513-4782-AE97-DA036953F522/data/Containers/Bundle/Application/078D7430-1681-4E56-B658-23DFE4131FB4/HelloWorld.app/www/index.html#/app/home
2014-10-28 09:05:08.091 HelloWorld[33491:238894] Multi-tasking -> Device: YES, App: YES
2014-10-28 09:05:08.096 HelloWorld[33491:238894] Unlimited access to network resources
2014-10-28 09:05:08.098 HelloWorld[33491:238894] 

Started backup to iCloud! Please be careful.
Your application might rejected by Apple if you store too much data.
For more information please read "iOS Data Storage Guidelines"
You could find it at the following address https://developer.apple.com/icloud/documentation/data-storage/ .

2014-10-28 09:05:08.295 HelloWorld[33491:238894] Resetting plugins due to page load.
2014-10-28 09:05:08.368 HelloWorld[33491:238894] Finished load of: file:///Users/leethompson/Library/Developer/CoreSimulator/Devices/822ABE90-7513-4782-AE97-DA036953F522/data/Containers/Bundle/Application/0B05D054-FFDB-4EF4-A237-A7723C3FDFBF/HelloWorld.app/www/index.html
2014-10-28 09:05:39.159 HelloWorld[33869:239659] Multi-tasking -> Device: YES, App: YES
2014-10-28 09:05:39.164 HelloWorld[33869:239659] Unlimited access to network resources
2014-10-28 09:05:39.166 HelloWorld[33869:239659] 

Started backup to iCloud! Please be careful.
Your application might rejected by Apple if you store too much data.
For more information please read "iOS Data Storage Guidelines"
You could find it at the following address https://developer.apple.com/icloud/documentation/data-storage/ .

2014-10-28 09:05:39.358 HelloWorld[33869:239659] Resetting plugins due to page load.
2014-10-28 09:05:39.430 HelloWorld[33869:239659] Finished load of: file:///Users/leethompson/Library/Developer/CoreSimulator/Devices/822ABE90-7513-4782-AE97-DA036953F522/data/Containers/Bundle/Application/63429EBB-DA13-4B75-8945-DAFE3FC20852/HelloWorld.app/www/index.html
2014-10-28 09:06:30.821 HelloWorld[34247:240626] Multi-tasking -> Device: YES, App: YES
2014-10-28 09:06:30.826 HelloWorld[34247:240626] Unlimited access to network resources
2014-10-28 09:06:30.828 HelloWorld[34247:240626] 

Started backup to iCloud! Please be careful.
Your application might rejected by Apple if you store too much data.
For more information please read "iOS Data Storage Guidelines"
You could find it at the following address https://developer.apple.com/icloud/documentation/data-storage/ .

2014-10-28 09:06:31.022 HelloWorld[34247:240626] Resetting plugins due to page load.
2014-10-28 09:06:31.094 HelloWorld[34247:240626] Finished load of: file:///Users/leethompson/Library/Developer/CoreSimulator/Devices/822ABE90-7513-4782-AE97-DA036953F522/data/Containers/Bundle/Application/22D2DFCB-B35D-4B37-A414-3B2527458213/HelloWorld.app/www/index.html
2014-10-28 09:08:57.112 HelloWorld[34635:242244] Multi-tasking -> Device: YES, App: YES
2014-10-28 09:08:57.117 HelloWorld[34635:242244] Unlimited access to network resources
2014-10-28 09:08:57.119 HelloWorld[34635:242244] 

Started backup to iCloud! Please be careful.
Your application might rejected by Apple if you store too much data.
For more information please read "iOS Data Storage Guidelines"
You could find it at the following address https://developer.apple.com/icloud/documentation/data-storage/ .

2014-10-28 09:08:57.321 HelloWorld[34635:242244] Resetting plugins due to page load.
2014-10-28 09:08:57.429 HelloWorld[34635:242244] Finished load of: file:///Users/leethompson/Library/Developer/CoreSimulator/Devices/822ABE90-7513-4782-AE97-DA036953F522/data/Containers/Bundle/Application/9D1CEE5E-A51A-48EF-97BF-0C5DFD17D4B6/HelloWorld.app/www/index.html#/app/home
2014-10-28 09:09:27.987 HelloWorld[35013:243014] Multi-tasking -> Device: YES, App: YES
2014-10-28 09:09:27.991 HelloWorld[35013:243014] Unlimited access to network resources
2014-10-28 09:09:27.994 HelloWorld[35013:243014] 

Started backup to iCloud! Please be careful.
Your application might rejected by Apple if you store too much data.
For more information please read "iOS Data Storage Guidelines"
You could find it at the following address https://developer.apple.com/icloud/documentation/data-storage/ .

2014-10-28 09:09:28.184 HelloWorld[35013:243014] Resetting plugins due to page load.
2014-10-28 09:09:28.278 HelloWorld[35013:243014] Finished load of: file:///Users/leethompson/Library/Developer/CoreSimulator/Devices/822ABE90-7513-4782-AE97-DA036953F522/data/Containers/Bundle/Application/D9F2F3D1-3BE5-47E6-AEF5-41D6B7417BF2/HelloWorld.app/www/index.html#/app/home
2014-10-28 09:11:23.620 HelloWorld[35394:244293] Multi-tasking -> Device: YES, App: YES
2014-10-28 09:11:23.624 HelloWorld[35394:244293] Unlimited access to network resources
2014-10-28 09:11:23.627 HelloWorld[35394:244293] 

Started backup to iCloud! Please be careful.
Your application might rejected by Apple if you store too much data.
For more information please read "iOS Data Storage Guidelines"
You could find it at the following address https://developer.apple.com/icloud/documentation/data-storage/ .

2014-10-28 09:11:23.820 HelloWorld[35394:244293] Resetting plugins due to page load.
2014-10-28 09:11:23.883 HelloWorld[35394:244293] Finished load of: file:///Users/leethompson/Library/Developer/CoreSimulator/Devices/822ABE90-7513-4782-AE97-DA036953F522/data/Containers/Bundle/Application/1D0C2B72-A7E2-49D4-BEC3-D61FEC7508DC/HelloWorld.app/www/index.html
2014-10-28 09:11:49.531 HelloWorld[35772:245146] Multi-tasking -> Device: YES, App: YES
2014-10-28 09:11:49.535 HelloWorld[35772:245146] Unlimited access to network resources
2014-10-28 09:11:49.537 HelloWorld[35772:245146] 

Started backup to iCloud! Please be careful.
Your application might rejected by Apple if you store too much data.
For more information please read "iOS Data Storage Guidelines"
You could find it at the following address https://developer.apple.com/icloud/documentation/data-storage/ .

2014-10-28 09:11:49.731 HelloWorld[35772:245146] Resetting plugins due to page load.
2014-10-28 09:11:49.795 HelloWorld[35772:245146] Finished load of: file:///Users/leethompson/Library/Developer/CoreSimulator/Devices/822ABE90-7513-4782-AE97-DA036953F522/data/Containers/Bundle/Application/7416A4DE-1968-459D-85B8-C1BFF7FF7843/HelloWorld.app/www/index.html
2014-10-28 09:12:06.718 HelloWorld[36149:245849] Multi-tasking -> Device: YES, App: YES
2014-10-28 09:12:06.723 HelloWorld[36149:245849] Unlimited access to network resources
2014-10-28 09:12:06.725 HelloWorld[36149:245849] 

Started backup to iCloud! Please be careful.
Your application might rejected by Apple if you store too much data.
For more information please read "iOS Data Storage Guidelines"
You could find it at the following address https://developer.apple.com/icloud/documentation/data-storage/ .

2014-10-28 09:12:06.917 HelloWorld[36149:245849] Resetting plugins due to page load.
2014-10-28 09:12:07.022 HelloWorld[36149:245849] Finished load of: file:///Users/leethompson/Library/Developer/CoreSimulator/Devices/822ABE90-7513-4782-AE97-DA036953F522/data/Containers/Bundle/Application/7AB30F2F-5334-4212-B2DD-2AD22EA1813C/HelloWorld.app/www/index.html#/app/home
2014-10-28 09:12:41.882 HelloWorld[36528:246624] Multi-tasking -> Device: YES, App: YES
2014-10-28 09:12:41.887 HelloWorld[36528:246624] Unlimited access to network resources
2014-10-28 09:12:41.889 HelloWorld[36528:246624] 

Started backup to iCloud! Please be careful.
Your application might rejected by Apple if you store too much data.
For more information please read "iOS Data Storage Guidelines"
You could find it at the following address https://developer.apple.com/icloud/documentation/data-storage/ .

2014-10-28 09:12:42.095 HelloWorld[36528:246624] Resetting plugins due to page load.
2014-10-28 09:12:46.008 HelloWorld[36528:246624] Finished load of: file:///Users/leethompson/Library/Developer/CoreSimulator/Devices/822ABE90-7513-4782-AE97-DA036953F522/data/Containers/Bundle/Application/34EC369F-93CB-41C4-9D4A-420D7F7A99BA/HelloWorld.app/www/index.html#/app/home
2014-10-28 09:13:41.279 HelloWorld[36908:247597] Multi-tasking -> Device: YES, App: YES
2014-10-28 09:13:41.284 HelloWorld[36908:247597] Unlimited access to network resources
2014-10-28 09:13:41.286 HelloWorld[36908:247597] 

Started backup to iCloud! Please be careful.
Your application might rejected by Apple if you store too much data.
For more information please read "iOS Data Storage Guidelines"
You could find it at the following address https://developer.apple.com/icloud/documentation/data-storage/ .

2014-10-28 09:13:41.482 HelloWorld[36908:247597] Resetting plugins due to page load.
2014-10-28 09:13:44.343 HelloWorld[36908:247597] Finished load of: file:///Users/leethompson/Library/Developer/CoreSimulator/Devices/822ABE90-7513-4782-AE97-DA036953F522/data/Containers/Bundle/Application/2C106D2B-2FF9-4823-A5BC-AC08AD9A3E2D/HelloWorld.app/www/index.html#/app/home
2014-10-28 09:14:09.712 HelloWorld[37285:248486] Multi-tasking -> Device: YES, App: YES
2014-10-28 09:14:09.717 HelloWorld[37285:248486] Unlimited access to network resources
2014-10-28 09:14:09.719 HelloWorld[37285:248486] 

Started backup to iCloud! Please be careful.
Your application might rejected by Apple if you store too much data.
For more information please read "iOS Data Storage Guidelines"
You could find it at the following address https://developer.apple.com/icloud/documentation/data-storage/ .

2014-10-28 09:14:09.911 HelloWorld[37285:248486] Resetting plugins due to page load.
2014-10-28 09:14:10.008 HelloWorld[37285:248486] Finished load of: file:///Users/leethompson/Library/Developer/CoreSimulator/Devices/822ABE90-7513-4782-AE97-DA036953F522/data/Containers/Bundle/Application/BEEBF95A-C01A-49D2-8408-3B1D331CD1A4/HelloWorld.app/www/index.html#/app/home
2014-10-28 09:14:50.796 HelloWorld[37662:249305] Multi-tasking -> Device: YES, App: YES
2014-10-28 09:14:50.801 HelloWorld[37662:249305] Unlimited access to network resources
2014-10-28 09:14:50.803 HelloWorld[37662:249305] 

Started backup to iCloud! Please be careful.
Your application might rejected by Apple if you store too much data.
For more information please read "iOS Data Storage Guidelines"
You could find it at the following address https://developer.apple.com/icloud/documentation/data-storage/ .

2014-10-28 09:14:50.993 HelloWorld[37662:249305] Resetting plugins due to page load.
2014-10-28 09:14:51.091 HelloWorld[37662:249305] Finished load of: file:///Users/leethompson/Library/Developer/CoreSimulator/Devices/822ABE90-7513-4782-AE97-DA036953F522/data/Containers/Bundle/Application/151FF0DC-F833-4EA0-BF0B-352925EDC70D/HelloWorld.app/www/index.html#/app/home
